<?xml version="1.0" encoding="UTF-8"?>
<testsuite xmlns:xsi="http://www.w3.org/2001/XMLSchema-instance" xsi:noNamespaceSchemaLocation="https://maven.apache.org/surefire/maven-surefire-plugin/xsd/surefire-test-report-3.0.xsd" version="3.0" name="com.yc.productionreport.service.ProductionReportServiceTest" time="0.644" tests="5" errors="5" skipped="0" failures="0">
  <properties>
    <property name="java.specification.version" value="17"/>
    <property name="sun.cpu.isalist" value="amd64"/>
    <property name="sun.jnu.encoding" value="GBK"/>
    <property name="java.class.path" value="D:\JavaWeb\yc_production_report\target\test-classes;D:\JavaWeb\yc_production_report\target\classes;E:\Program Files\apache-maven-3.9.6\repository\org\springframework\boot\spring-boot-starter-web\3.1.3\spring-boot-starter-web-3.1.3.jar;E:\Program Files\apache-maven-3.9.6\repository\org\springframework\boot\spring-boot-starter\3.1.3\spring-boot-starter-3.1.3.jar;E:\Program Files\apache-maven-3.9.6\repository\org\springframework\boot\spring-boot\3.1.3\spring-boot-3.1.3.jar;E:\Program Files\apache-maven-3.9.6\repository\org\springframework\boot\spring-boot-starter-logging\3.1.3\spring-boot-starter-logging-3.1.3.jar;E:\Program Files\apache-maven-3.9.6\repository\ch\qos\logback\logback-classic\1.4.11\logback-classic-1.4.11.jar;E:\Program Files\apache-maven-3.9.6\repository\ch\qos\logback\logback-core\1.4.11\logback-core-1.4.11.jar;E:\Program Files\apache-maven-3.9.6\repository\org\apache\logging\log4j\log4j-to-slf4j\2.20.0\log4j-to-slf4j-2.20.0.jar;E:\Program Files\apache-maven-3.9.6\repository\org\apache\logging\log4j\log4j-api\2.20.0\log4j-api-2.20.0.jar;E:\Program Files\apache-maven-3.9.6\repository\org\slf4j\jul-to-slf4j\2.0.7\jul-to-slf4j-2.0.7.jar;E:\Program Files\apache-maven-3.9.6\repository\jakarta\annotation\jakarta.annotation-api\2.1.1\jakarta.annotation-api-2.1.1.jar;E:\Program Files\apache-maven-3.9.6\repository\org\yaml\snakeyaml\1.33\snakeyaml-1.33.jar;E:\Program Files\apache-maven-3.9.6\repository\org\springframework\boot\spring-boot-starter-json\3.1.3\spring-boot-starter-json-3.1.3.jar;E:\Program Files\apache-maven-3.9.6\repository\com\fasterxml\jackson\datatype\jackson-datatype-jdk8\2.15.2\jackson-datatype-jdk8-2.15.2.jar;E:\Program Files\apache-maven-3.9.6\repository\com\fasterxml\jackson\datatype\jackson-datatype-jsr310\2.15.2\jackson-datatype-jsr310-2.15.2.jar;E:\Program Files\apache-maven-3.9.6\repository\com\fasterxml\jackson\module\jackson-module-parameter-names\2.15.2\jackson-module-parameter-names-2.15.2.jar;E:\Program Files\apache-maven-3.9.6\repository\org\springframework\boot\spring-boot-starter-tomcat\3.1.3\spring-boot-starter-tomcat-3.1.3.jar;E:\Program Files\apache-maven-3.9.6\repository\org\apache\tomcat\embed\tomcat-embed-core\10.1.12\tomcat-embed-core-10.1.12.jar;E:\Program Files\apache-maven-3.9.6\repository\org\apache\tomcat\embed\tomcat-embed-websocket\10.1.12\tomcat-embed-websocket-10.1.12.jar;E:\Program Files\apache-maven-3.9.6\repository\org\springframework\spring-web\6.0.11\spring-web-6.0.11.jar;E:\Program Files\apache-maven-3.9.6\repository\org\springframework\spring-beans\6.0.11\spring-beans-6.0.11.jar;E:\Program Files\apache-maven-3.9.6\repository\io\micrometer\micrometer-observation\1.11.3\micrometer-observation-1.11.3.jar;E:\Program Files\apache-maven-3.9.6\repository\io\micrometer\micrometer-commons\1.11.3\micrometer-commons-1.11.3.jar;E:\Program Files\apache-maven-3.9.6\repository\org\springframework\spring-webmvc\6.0.11\spring-webmvc-6.0.11.jar;E:\Program Files\apache-maven-3.9.6\repository\org\springframework\spring-context\6.0.11\spring-context-6.0.11.jar;E:\Program Files\apache-maven-3.9.6\repository\org\springframework\spring-expression\6.0.11\spring-expression-6.0.11.jar;E:\Program Files\apache-maven-3.9.6\repository\com\baomidou\mybatis-plus-boot-starter\3.5.3.1\mybatis-plus-boot-starter-3.5.3.1.jar;E:\Program Files\apache-maven-3.9.6\repository\com\baomidou\mybatis-plus\3.5.3.1\mybatis-plus-3.5.3.1.jar;E:\Program Files\apache-maven-3.9.6\repository\com\baomidou\mybatis-plus-extension\3.5.3.1\mybatis-plus-extension-3.5.3.1.jar;E:\Program Files\apache-maven-3.9.6\repository\com\baomidou\mybatis-plus-core\3.5.3.1\mybatis-plus-core-3.5.3.1.jar;E:\Program Files\apache-maven-3.9.6\repository\com\baomidou\mybatis-plus-annotation\3.5.3.1\mybatis-plus-annotation-3.5.3.1.jar;E:\Program Files\apache-maven-3.9.6\repository\com\github\jsqlparser\jsqlparser\4.4\jsqlparser-4.4.jar;E:\Program Files\apache-maven-3.9.6\repository\org\mybatis\mybatis\3.5.10\mybatis-3.5.10.jar;E:\Program Files\apache-maven-3.9.6\repository\org\mybatis\mybatis-spring\2.0.7\mybatis-spring-2.0.7.jar;E:\Program Files\apache-maven-3.9.6\repository\org\springframework\boot\spring-boot-autoconfigure\3.1.3\spring-boot-autoconfigure-3.1.3.jar;E:\Program Files\apache-maven-3.9.6\repository\org\springframework\boot\spring-boot-starter-jdbc\3.1.3\spring-boot-starter-jdbc-3.1.3.jar;E:\Program Files\apache-maven-3.9.6\repository\com\zaxxer\HikariCP\5.0.1\HikariCP-5.0.1.jar;E:\Program Files\apache-maven-3.9.6\repository\org\springframework\spring-jdbc\6.0.11\spring-jdbc-6.0.11.jar;E:\Program Files\apache-maven-3.9.6\repository\com\mysql\mysql-connector-j\8.0.33\mysql-connector-j-8.0.33.jar;E:\Program Files\apache-maven-3.9.6\repository\org\springframework\boot\spring-boot-starter-data-redis\3.1.3\spring-boot-starter-data-redis-3.1.3.jar;E:\Program Files\apache-maven-3.9.6\repository\org\springframework\data\spring-data-redis\3.1.3\spring-data-redis-3.1.3.jar;E:\Program Files\apache-maven-3.9.6\repository\org\springframework\data\spring-data-keyvalue\3.1.3\spring-data-keyvalue-3.1.3.jar;E:\Program Files\apache-maven-3.9.6\repository\org\springframework\data\spring-data-commons\3.1.3\spring-data-commons-3.1.3.jar;E:\Program Files\apache-maven-3.9.6\repository\org\springframework\spring-tx\6.0.11\spring-tx-6.0.11.jar;E:\Program Files\apache-maven-3.9.6\repository\org\springframework\spring-oxm\6.0.11\spring-oxm-6.0.11.jar;E:\Program Files\apache-maven-3.9.6\repository\org\springframework\spring-context-support\6.0.11\spring-context-support-6.0.11.jar;E:\Program Files\apache-maven-3.9.6\repository\io\lettuce\lettuce-core\6.2.6.RELEASE\lettuce-core-6.2.6.RELEASE.jar;E:\Program Files\apache-maven-3.9.6\repository\io\netty\netty-common\4.1.97.Final\netty-common-4.1.97.Final.jar;E:\Program Files\apache-maven-3.9.6\repository\io\netty\netty-handler\4.1.97.Final\netty-handler-4.1.97.Final.jar;E:\Program Files\apache-maven-3.9.6\repository\io\netty\netty-resolver\4.1.97.Final\netty-resolver-4.1.97.Final.jar;E:\Program Files\apache-maven-3.9.6\repository\io\netty\netty-buffer\4.1.97.Final\netty-buffer-4.1.97.Final.jar;E:\Program Files\apache-maven-3.9.6\repository\io\netty\netty-transport-native-unix-common\4.1.97.Final\netty-transport-native-unix-common-4.1.97.Final.jar;E:\Program Files\apache-maven-3.9.6\repository\io\netty\netty-codec\4.1.97.Final\netty-codec-4.1.97.Final.jar;E:\Program Files\apache-maven-3.9.6\repository\io\netty\netty-transport\4.1.97.Final\netty-transport-4.1.97.Final.jar;E:\Program Files\apache-maven-3.9.6\repository\io\projectreactor\reactor-core\3.5.9\reactor-core-3.5.9.jar;E:\Program Files\apache-maven-3.9.6\repository\org\reactivestreams\reactive-streams\1.0.4\reactive-streams-1.0.4.jar;E:\Program Files\apache-maven-3.9.6\repository\org\springframework\boot\spring-boot-starter-validation\3.1.3\spring-boot-starter-validation-3.1.3.jar;E:\Program Files\apache-maven-3.9.6\repository\org\apache\tomcat\embed\tomcat-embed-el\10.1.12\tomcat-embed-el-10.1.12.jar;E:\Program Files\apache-maven-3.9.6\repository\org\hibernate\validator\hibernate-validator\8.0.1.Final\hibernate-validator-8.0.1.Final.jar;E:\Program Files\apache-maven-3.9.6\repository\jakarta\validation\jakarta.validation-api\3.0.2\jakarta.validation-api-3.0.2.jar;E:\Program Files\apache-maven-3.9.6\repository\org\jboss\logging\jboss-logging\3.5.3.Final\jboss-logging-3.5.3.Final.jar;E:\Program Files\apache-maven-3.9.6\repository\com\fasterxml\classmate\1.5.1\classmate-1.5.1.jar;E:\Program Files\apache-maven-3.9.6\repository\org\projectlombok\lombok\1.18.26\lombok-1.18.26.jar;E:\Program Files\apache-maven-3.9.6\repository\org\springframework\boot\spring-boot-starter-test\3.1.3\spring-boot-starter-test-3.1.3.jar;E:\Program Files\apache-maven-3.9.6\repository\org\springframework\boot\spring-boot-test\3.1.3\spring-boot-test-3.1.3.jar;E:\Program Files\apache-maven-3.9.6\repository\org\springframework\boot\spring-boot-test-autoconfigure\3.1.3\spring-boot-test-autoconfigure-3.1.3.jar;E:\Program Files\apache-maven-3.9.6\repository\com\jayway\jsonpath\json-path\2.8.0\json-path-2.8.0.jar;E:\Program Files\apache-maven-3.9.6\repository\jakarta\xml\bind\jakarta.xml.bind-api\4.0.0\jakarta.xml.bind-api-4.0.0.jar;E:\Program Files\apache-maven-3.9.6\repository\jakarta\activation\jakarta.activation-api\2.1.2\jakarta.activation-api-2.1.2.jar;E:\Program Files\apache-maven-3.9.6\repository\net\minidev\json-smart\2.4.11\json-smart-2.4.11.jar;E:\Program Files\apache-maven-3.9.6\repository\net\minidev\accessors-smart\2.4.11\accessors-smart-2.4.11.jar;E:\Program Files\apache-maven-3.9.6\repository\org\ow2\asm\asm\9.3\asm-9.3.jar;E:\Program Files\apache-maven-3.9.6\repository\org\assertj\assertj-core\3.24.2\assertj-core-3.24.2.jar;E:\Program Files\apache-maven-3.9.6\repository\net\bytebuddy\byte-buddy\1.14.6\byte-buddy-1.14.6.jar;E:\Program Files\apache-maven-3.9.6\repository\org\hamcrest\hamcrest\2.2\hamcrest-2.2.jar;E:\Program Files\apache-maven-3.9.6\repository\org\junit\jupiter\junit-jupiter\5.9.3\junit-jupiter-5.9.3.jar;E:\Program Files\apache-maven-3.9.6\repository\org\junit\jupiter\junit-jupiter-api\5.9.3\junit-jupiter-api-5.9.3.jar;E:\Program Files\apache-maven-3.9.6\repository\org\opentest4j\opentest4j\1.2.0\opentest4j-1.2.0.jar;E:\Program Files\apache-maven-3.9.6\repository\org\junit\platform\junit-platform-commons\1.9.3\junit-platform-commons-1.9.3.jar;E:\Program Files\apache-maven-3.9.6\repository\org\apiguardian\apiguardian-api\1.1.2\apiguardian-api-1.1.2.jar;E:\Program Files\apache-maven-3.9.6\repository\org\junit\jupiter\junit-jupiter-params\5.9.3\junit-jupiter-params-5.9.3.jar;E:\Program Files\apache-maven-3.9.6\repository\org\junit\jupiter\junit-jupiter-engine\5.9.3\junit-jupiter-engine-5.9.3.jar;E:\Program Files\apache-maven-3.9.6\repository\org\junit\platform\junit-platform-engine\1.9.3\junit-platform-engine-1.9.3.jar;E:\Program Files\apache-maven-3.9.6\repository\org\mockito\mockito-core\5.3.1\mockito-core-5.3.1.jar;E:\Program Files\apache-maven-3.9.6\repository\net\bytebuddy\byte-buddy-agent\1.14.6\byte-buddy-agent-1.14.6.jar;E:\Program Files\apache-maven-3.9.6\repository\org\objenesis\objenesis\3.3\objenesis-3.3.jar;E:\Program Files\apache-maven-3.9.6\repository\org\mockito\mockito-junit-jupiter\5.3.1\mockito-junit-jupiter-5.3.1.jar;E:\Program Files\apache-maven-3.9.6\repository\org\skyscreamer\jsonassert\1.5.1\jsonassert-1.5.1.jar;E:\Program Files\apache-maven-3.9.6\repository\com\vaadin\external\google\android-json\0.0.20131108.vaadin1\android-json-0.0.20131108.vaadin1.jar;E:\Program Files\apache-maven-3.9.6\repository\org\springframework\spring-core\6.0.11\spring-core-6.0.11.jar;E:\Program Files\apache-maven-3.9.6\repository\org\springframework\spring-jcl\6.0.11\spring-jcl-6.0.11.jar;E:\Program Files\apache-maven-3.9.6\repository\org\springframework\spring-test\6.0.11\spring-test-6.0.11.jar;E:\Program Files\apache-maven-3.9.6\repository\org\xmlunit\xmlunit-core\2.9.1\xmlunit-core-2.9.1.jar;E:\Program Files\apache-maven-3.9.6\repository\com\alibaba\easyexcel\3.3.0\easyexcel-3.3.0.jar;E:\Program Files\apache-maven-3.9.6\repository\com\alibaba\easyexcel-core\3.3.0\easyexcel-core-3.3.0.jar;E:\Program Files\apache-maven-3.9.6\repository\com\alibaba\easyexcel-support\3.3.0\easyexcel-support-3.3.0.jar;E:\Program Files\apache-maven-3.9.6\repository\org\apache\poi\poi\4.1.2\poi-4.1.2.jar;E:\Program Files\apache-maven-3.9.6\repository\commons-codec\commons-codec\1.15\commons-codec-1.15.jar;E:\Program Files\apache-maven-3.9.6\repository\org\apache\commons\commons-collections4\4.4\commons-collections4-4.4.jar;E:\Program Files\apache-maven-3.9.6\repository\org\apache\commons\commons-math3\3.6.1\commons-math3-3.6.1.jar;E:\Program Files\apache-maven-3.9.6\repository\com\zaxxer\SparseBitSet\1.2\SparseBitSet-1.2.jar;E:\Program Files\apache-maven-3.9.6\repository\org\apache\poi\poi-ooxml\4.1.2\poi-ooxml-4.1.2.jar;E:\Program Files\apache-maven-3.9.6\repository\org\apache\commons\commons-compress\1.19\commons-compress-1.19.jar;E:\Program Files\apache-maven-3.9.6\repository\com\github\virtuald\curvesapi\1.06\curvesapi-1.06.jar;E:\Program Files\apache-maven-3.9.6\repository\org\apache\poi\poi-ooxml-schemas\4.1.2\poi-ooxml-schemas-4.1.2.jar;E:\Program Files\apache-maven-3.9.6\repository\org\apache\xmlbeans\xmlbeans\3.1.0\xmlbeans-3.1.0.jar;E:\Program Files\apache-maven-3.9.6\repository\org\apache\commons\commons-csv\1.8\commons-csv-1.8.jar;E:\Program Files\apache-maven-3.9.6\repository\org\ehcache\ehcache\3.9.9\ehcache-3.9.9.jar;E:\Program Files\apache-maven-3.9.6\repository\commons-io\commons-io\2.11.0\commons-io-2.11.0.jar;E:\Program Files\apache-maven-3.9.6\repository\org\slf4j\slf4j-api\2.0.7\slf4j-api-2.0.7.jar;E:\Program Files\apache-maven-3.9.6\repository\org\springframework\boot\spring-boot-starter-security\3.1.3\spring-boot-starter-security-3.1.3.jar;E:\Program Files\apache-maven-3.9.6\repository\org\springframework\spring-aop\6.0.11\spring-aop-6.0.11.jar;E:\Program Files\apache-maven-3.9.6\repository\org\springframework\security\spring-security-config\6.1.3\spring-security-config-6.1.3.jar;E:\Program Files\apache-maven-3.9.6\repository\org\springframework\security\spring-security-core\6.1.3\spring-security-core-6.1.3.jar;E:\Program Files\apache-maven-3.9.6\repository\org\springframework\security\spring-security-crypto\6.1.3\spring-security-crypto-6.1.3.jar;E:\Program Files\apache-maven-3.9.6\repository\org\springframework\security\spring-security-web\6.1.3\spring-security-web-6.1.3.jar;E:\Program Files\apache-maven-3.9.6\repository\io\jsonwebtoken\jjwt-api\0.11.5\jjwt-api-0.11.5.jar;E:\Program Files\apache-maven-3.9.6\repository\io\jsonwebtoken\jjwt-impl\0.11.5\jjwt-impl-0.11.5.jar;E:\Program Files\apache-maven-3.9.6\repository\io\jsonwebtoken\jjwt-jackson\0.11.5\jjwt-jackson-0.11.5.jar;E:\Program Files\apache-maven-3.9.6\repository\com\fasterxml\jackson\core\jackson-databind\2.15.2\jackson-databind-2.15.2.jar;E:\Program Files\apache-maven-3.9.6\repository\com\fasterxml\jackson\core\jackson-annotations\2.15.2\jackson-annotations-2.15.2.jar;E:\Program Files\apache-maven-3.9.6\repository\com\fasterxml\jackson\core\jackson-core\2.15.2\jackson-core-2.15.2.jar;"/>
    <property name="java.vm.vendor" value="Oracle Corporation"/>
    <property name="sun.arch.data.model" value="64"/>
    <property name="user.variant" value=""/>
    <property name="java.vendor.url" value="https://java.oracle.com/"/>
    <property name="user.timezone" value="Asia/Shanghai"/>
    <property name="org.jboss.logging.provider" value="slf4j"/>
    <property name="os.name" value="Windows 11"/>
    <property name="java.vm.specification.version" value="17"/>
    <property name="sun.java.launcher" value="SUN_STANDARD"/>
    <property name="user.country" value="CN"/>
    <property name="sun.boot.library.path" value="E:\Program Files\Java\jdk-17\bin"/>
    <property name="sun.java.command" value="C:\Users\Chen zhilang\AppData\Local\Temp\surefire8200616277010946954\surefirebooter-20250717205732919_3.jar C:\Users\Chen zhilang\AppData\Local\Temp\surefire8200616277010946954 2025-07-17T20-57-32_794-jvmRun1 surefire-20250717205732919_1tmp surefire_0-20250717205732919_2tmp"/>
    <property name="jdk.debug" value="release"/>
    <property name="surefire.test.class.path" value="D:\JavaWeb\yc_production_report\target\test-classes;D:\JavaWeb\yc_production_report\target\classes;E:\Program Files\apache-maven-3.9.6\repository\org\springframework\boot\spring-boot-starter-web\3.1.3\spring-boot-starter-web-3.1.3.jar;E:\Program Files\apache-maven-3.9.6\repository\org\springframework\boot\spring-boot-starter\3.1.3\spring-boot-starter-3.1.3.jar;E:\Program Files\apache-maven-3.9.6\repository\org\springframework\boot\spring-boot\3.1.3\spring-boot-3.1.3.jar;E:\Program Files\apache-maven-3.9.6\repository\org\springframework\boot\spring-boot-starter-logging\3.1.3\spring-boot-starter-logging-3.1.3.jar;E:\Program Files\apache-maven-3.9.6\repository\ch\qos\logback\logback-classic\1.4.11\logback-classic-1.4.11.jar;E:\Program Files\apache-maven-3.9.6\repository\ch\qos\logback\logback-core\1.4.11\logback-core-1.4.11.jar;E:\Program Files\apache-maven-3.9.6\repository\org\apache\logging\log4j\log4j-to-slf4j\2.20.0\log4j-to-slf4j-2.20.0.jar;E:\Program Files\apache-maven-3.9.6\repository\org\apache\logging\log4j\log4j-api\2.20.0\log4j-api-2.20.0.jar;E:\Program Files\apache-maven-3.9.6\repository\org\slf4j\jul-to-slf4j\2.0.7\jul-to-slf4j-2.0.7.jar;E:\Program Files\apache-maven-3.9.6\repository\jakarta\annotation\jakarta.annotation-api\2.1.1\jakarta.annotation-api-2.1.1.jar;E:\Program Files\apache-maven-3.9.6\repository\org\yaml\snakeyaml\1.33\snakeyaml-1.33.jar;E:\Program Files\apache-maven-3.9.6\repository\org\springframework\boot\spring-boot-starter-json\3.1.3\spring-boot-starter-json-3.1.3.jar;E:\Program Files\apache-maven-3.9.6\repository\com\fasterxml\jackson\datatype\jackson-datatype-jdk8\2.15.2\jackson-datatype-jdk8-2.15.2.jar;E:\Program Files\apache-maven-3.9.6\repository\com\fasterxml\jackson\datatype\jackson-datatype-jsr310\2.15.2\jackson-datatype-jsr310-2.15.2.jar;E:\Program Files\apache-maven-3.9.6\repository\com\fasterxml\jackson\module\jackson-module-parameter-names\2.15.2\jackson-module-parameter-names-2.15.2.jar;E:\Program Files\apache-maven-3.9.6\repository\org\springframework\boot\spring-boot-starter-tomcat\3.1.3\spring-boot-starter-tomcat-3.1.3.jar;E:\Program Files\apache-maven-3.9.6\repository\org\apache\tomcat\embed\tomcat-embed-core\10.1.12\tomcat-embed-core-10.1.12.jar;E:\Program Files\apache-maven-3.9.6\repository\org\apache\tomcat\embed\tomcat-embed-websocket\10.1.12\tomcat-embed-websocket-10.1.12.jar;E:\Program Files\apache-maven-3.9.6\repository\org\springframework\spring-web\6.0.11\spring-web-6.0.11.jar;E:\Program Files\apache-maven-3.9.6\repository\org\springframework\spring-beans\6.0.11\spring-beans-6.0.11.jar;E:\Program Files\apache-maven-3.9.6\repository\io\micrometer\micrometer-observation\1.11.3\micrometer-observation-1.11.3.jar;E:\Program Files\apache-maven-3.9.6\repository\io\micrometer\micrometer-commons\1.11.3\micrometer-commons-1.11.3.jar;E:\Program Files\apache-maven-3.9.6\repository\org\springframework\spring-webmvc\6.0.11\spring-webmvc-6.0.11.jar;E:\Program Files\apache-maven-3.9.6\repository\org\springframework\spring-context\6.0.11\spring-context-6.0.11.jar;E:\Program Files\apache-maven-3.9.6\repository\org\springframework\spring-expression\6.0.11\spring-expression-6.0.11.jar;E:\Program Files\apache-maven-3.9.6\repository\com\baomidou\mybatis-plus-boot-starter\3.5.3.1\mybatis-plus-boot-starter-3.5.3.1.jar;E:\Program Files\apache-maven-3.9.6\repository\com\baomidou\mybatis-plus\3.5.3.1\mybatis-plus-3.5.3.1.jar;E:\Program Files\apache-maven-3.9.6\repository\com\baomidou\mybatis-plus-extension\3.5.3.1\mybatis-plus-extension-3.5.3.1.jar;E:\Program Files\apache-maven-3.9.6\repository\com\baomidou\mybatis-plus-core\3.5.3.1\mybatis-plus-core-3.5.3.1.jar;E:\Program Files\apache-maven-3.9.6\repository\com\baomidou\mybatis-plus-annotation\3.5.3.1\mybatis-plus-annotation-3.5.3.1.jar;E:\Program Files\apache-maven-3.9.6\repository\com\github\jsqlparser\jsqlparser\4.4\jsqlparser-4.4.jar;E:\Program Files\apache-maven-3.9.6\repository\org\mybatis\mybatis\3.5.10\mybatis-3.5.10.jar;E:\Program Files\apache-maven-3.9.6\repository\org\mybatis\mybatis-spring\2.0.7\mybatis-spring-2.0.7.jar;E:\Program Files\apache-maven-3.9.6\repository\org\springframework\boot\spring-boot-autoconfigure\3.1.3\spring-boot-autoconfigure-3.1.3.jar;E:\Program Files\apache-maven-3.9.6\repository\org\springframework\boot\spring-boot-starter-jdbc\3.1.3\spring-boot-starter-jdbc-3.1.3.jar;E:\Program Files\apache-maven-3.9.6\repository\com\zaxxer\HikariCP\5.0.1\HikariCP-5.0.1.jar;E:\Program Files\apache-maven-3.9.6\repository\org\springframework\spring-jdbc\6.0.11\spring-jdbc-6.0.11.jar;E:\Program Files\apache-maven-3.9.6\repository\com\mysql\mysql-connector-j\8.0.33\mysql-connector-j-8.0.33.jar;E:\Program Files\apache-maven-3.9.6\repository\org\springframework\boot\spring-boot-starter-data-redis\3.1.3\spring-boot-starter-data-redis-3.1.3.jar;E:\Program Files\apache-maven-3.9.6\repository\org\springframework\data\spring-data-redis\3.1.3\spring-data-redis-3.1.3.jar;E:\Program Files\apache-maven-3.9.6\repository\org\springframework\data\spring-data-keyvalue\3.1.3\spring-data-keyvalue-3.1.3.jar;E:\Program Files\apache-maven-3.9.6\repository\org\springframework\data\spring-data-commons\3.1.3\spring-data-commons-3.1.3.jar;E:\Program Files\apache-maven-3.9.6\repository\org\springframework\spring-tx\6.0.11\spring-tx-6.0.11.jar;E:\Program Files\apache-maven-3.9.6\repository\org\springframework\spring-oxm\6.0.11\spring-oxm-6.0.11.jar;E:\Program Files\apache-maven-3.9.6\repository\org\springframework\spring-context-support\6.0.11\spring-context-support-6.0.11.jar;E:\Program Files\apache-maven-3.9.6\repository\io\lettuce\lettuce-core\6.2.6.RELEASE\lettuce-core-6.2.6.RELEASE.jar;E:\Program Files\apache-maven-3.9.6\repository\io\netty\netty-common\4.1.97.Final\netty-common-4.1.97.Final.jar;E:\Program Files\apache-maven-3.9.6\repository\io\netty\netty-handler\4.1.97.Final\netty-handler-4.1.97.Final.jar;E:\Program Files\apache-maven-3.9.6\repository\io\netty\netty-resolver\4.1.97.Final\netty-resolver-4.1.97.Final.jar;E:\Program Files\apache-maven-3.9.6\repository\io\netty\netty-buffer\4.1.97.Final\netty-buffer-4.1.97.Final.jar;E:\Program Files\apache-maven-3.9.6\repository\io\netty\netty-transport-native-unix-common\4.1.97.Final\netty-transport-native-unix-common-4.1.97.Final.jar;E:\Program Files\apache-maven-3.9.6\repository\io\netty\netty-codec\4.1.97.Final\netty-codec-4.1.97.Final.jar;E:\Program Files\apache-maven-3.9.6\repository\io\netty\netty-transport\4.1.97.Final\netty-transport-4.1.97.Final.jar;E:\Program Files\apache-maven-3.9.6\repository\io\projectreactor\reactor-core\3.5.9\reactor-core-3.5.9.jar;E:\Program Files\apache-maven-3.9.6\repository\org\reactivestreams\reactive-streams\1.0.4\reactive-streams-1.0.4.jar;E:\Program Files\apache-maven-3.9.6\repository\org\springframework\boot\spring-boot-starter-validation\3.1.3\spring-boot-starter-validation-3.1.3.jar;E:\Program Files\apache-maven-3.9.6\repository\org\apache\tomcat\embed\tomcat-embed-el\10.1.12\tomcat-embed-el-10.1.12.jar;E:\Program Files\apache-maven-3.9.6\repository\org\hibernate\validator\hibernate-validator\8.0.1.Final\hibernate-validator-8.0.1.Final.jar;E:\Program Files\apache-maven-3.9.6\repository\jakarta\validation\jakarta.validation-api\3.0.2\jakarta.validation-api-3.0.2.jar;E:\Program Files\apache-maven-3.9.6\repository\org\jboss\logging\jboss-logging\3.5.3.Final\jboss-logging-3.5.3.Final.jar;E:\Program Files\apache-maven-3.9.6\repository\com\fasterxml\classmate\1.5.1\classmate-1.5.1.jar;E:\Program Files\apache-maven-3.9.6\repository\org\projectlombok\lombok\1.18.26\lombok-1.18.26.jar;E:\Program Files\apache-maven-3.9.6\repository\org\springframework\boot\spring-boot-starter-test\3.1.3\spring-boot-starter-test-3.1.3.jar;E:\Program Files\apache-maven-3.9.6\repository\org\springframework\boot\spring-boot-test\3.1.3\spring-boot-test-3.1.3.jar;E:\Program Files\apache-maven-3.9.6\repository\org\springframework\boot\spring-boot-test-autoconfigure\3.1.3\spring-boot-test-autoconfigure-3.1.3.jar;E:\Program Files\apache-maven-3.9.6\repository\com\jayway\jsonpath\json-path\2.8.0\json-path-2.8.0.jar;E:\Program Files\apache-maven-3.9.6\repository\jakarta\xml\bind\jakarta.xml.bind-api\4.0.0\jakarta.xml.bind-api-4.0.0.jar;E:\Program Files\apache-maven-3.9.6\repository\jakarta\activation\jakarta.activation-api\2.1.2\jakarta.activation-api-2.1.2.jar;E:\Program Files\apache-maven-3.9.6\repository\net\minidev\json-smart\2.4.11\json-smart-2.4.11.jar;E:\Program Files\apache-maven-3.9.6\repository\net\minidev\accessors-smart\2.4.11\accessors-smart-2.4.11.jar;E:\Program Files\apache-maven-3.9.6\repository\org\ow2\asm\asm\9.3\asm-9.3.jar;E:\Program Files\apache-maven-3.9.6\repository\org\assertj\assertj-core\3.24.2\assertj-core-3.24.2.jar;E:\Program Files\apache-maven-3.9.6\repository\net\bytebuddy\byte-buddy\1.14.6\byte-buddy-1.14.6.jar;E:\Program Files\apache-maven-3.9.6\repository\org\hamcrest\hamcrest\2.2\hamcrest-2.2.jar;E:\Program Files\apache-maven-3.9.6\repository\org\junit\jupiter\junit-jupiter\5.9.3\junit-jupiter-5.9.3.jar;E:\Program Files\apache-maven-3.9.6\repository\org\junit\jupiter\junit-jupiter-api\5.9.3\junit-jupiter-api-5.9.3.jar;E:\Program Files\apache-maven-3.9.6\repository\org\opentest4j\opentest4j\1.2.0\opentest4j-1.2.0.jar;E:\Program Files\apache-maven-3.9.6\repository\org\junit\platform\junit-platform-commons\1.9.3\junit-platform-commons-1.9.3.jar;E:\Program Files\apache-maven-3.9.6\repository\org\apiguardian\apiguardian-api\1.1.2\apiguardian-api-1.1.2.jar;E:\Program Files\apache-maven-3.9.6\repository\org\junit\jupiter\junit-jupiter-params\5.9.3\junit-jupiter-params-5.9.3.jar;E:\Program Files\apache-maven-3.9.6\repository\org\junit\jupiter\junit-jupiter-engine\5.9.3\junit-jupiter-engine-5.9.3.jar;E:\Program Files\apache-maven-3.9.6\repository\org\junit\platform\junit-platform-engine\1.9.3\junit-platform-engine-1.9.3.jar;E:\Program Files\apache-maven-3.9.6\repository\org\mockito\mockito-core\5.3.1\mockito-core-5.3.1.jar;E:\Program Files\apache-maven-3.9.6\repository\net\bytebuddy\byte-buddy-agent\1.14.6\byte-buddy-agent-1.14.6.jar;E:\Program Files\apache-maven-3.9.6\repository\org\objenesis\objenesis\3.3\objenesis-3.3.jar;E:\Program Files\apache-maven-3.9.6\repository\org\mockito\mockito-junit-jupiter\5.3.1\mockito-junit-jupiter-5.3.1.jar;E:\Program Files\apache-maven-3.9.6\repository\org\skyscreamer\jsonassert\1.5.1\jsonassert-1.5.1.jar;E:\Program Files\apache-maven-3.9.6\repository\com\vaadin\external\google\android-json\0.0.20131108.vaadin1\android-json-0.0.20131108.vaadin1.jar;E:\Program Files\apache-maven-3.9.6\repository\org\springframework\spring-core\6.0.11\spring-core-6.0.11.jar;E:\Program Files\apache-maven-3.9.6\repository\org\springframework\spring-jcl\6.0.11\spring-jcl-6.0.11.jar;E:\Program Files\apache-maven-3.9.6\repository\org\springframework\spring-test\6.0.11\spring-test-6.0.11.jar;E:\Program Files\apache-maven-3.9.6\repository\org\xmlunit\xmlunit-core\2.9.1\xmlunit-core-2.9.1.jar;E:\Program Files\apache-maven-3.9.6\repository\com\alibaba\easyexcel\3.3.0\easyexcel-3.3.0.jar;E:\Program Files\apache-maven-3.9.6\repository\com\alibaba\easyexcel-core\3.3.0\easyexcel-core-3.3.0.jar;E:\Program Files\apache-maven-3.9.6\repository\com\alibaba\easyexcel-support\3.3.0\easyexcel-support-3.3.0.jar;E:\Program Files\apache-maven-3.9.6\repository\org\apache\poi\poi\4.1.2\poi-4.1.2.jar;E:\Program Files\apache-maven-3.9.6\repository\commons-codec\commons-codec\1.15\commons-codec-1.15.jar;E:\Program Files\apache-maven-3.9.6\repository\org\apache\commons\commons-collections4\4.4\commons-collections4-4.4.jar;E:\Program Files\apache-maven-3.9.6\repository\org\apache\commons\commons-math3\3.6.1\commons-math3-3.6.1.jar;E:\Program Files\apache-maven-3.9.6\repository\com\zaxxer\SparseBitSet\1.2\SparseBitSet-1.2.jar;E:\Program Files\apache-maven-3.9.6\repository\org\apache\poi\poi-ooxml\4.1.2\poi-ooxml-4.1.2.jar;E:\Program Files\apache-maven-3.9.6\repository\org\apache\commons\commons-compress\1.19\commons-compress-1.19.jar;E:\Program Files\apache-maven-3.9.6\repository\com\github\virtuald\curvesapi\1.06\curvesapi-1.06.jar;E:\Program Files\apache-maven-3.9.6\repository\org\apache\poi\poi-ooxml-schemas\4.1.2\poi-ooxml-schemas-4.1.2.jar;E:\Program Files\apache-maven-3.9.6\repository\org\apache\xmlbeans\xmlbeans\3.1.0\xmlbeans-3.1.0.jar;E:\Program Files\apache-maven-3.9.6\repository\org\apache\commons\commons-csv\1.8\commons-csv-1.8.jar;E:\Program Files\apache-maven-3.9.6\repository\org\ehcache\ehcache\3.9.9\ehcache-3.9.9.jar;E:\Program Files\apache-maven-3.9.6\repository\commons-io\commons-io\2.11.0\commons-io-2.11.0.jar;E:\Program Files\apache-maven-3.9.6\repository\org\slf4j\slf4j-api\2.0.7\slf4j-api-2.0.7.jar;E:\Program Files\apache-maven-3.9.6\repository\org\springframework\boot\spring-boot-starter-security\3.1.3\spring-boot-starter-security-3.1.3.jar;E:\Program Files\apache-maven-3.9.6\repository\org\springframework\spring-aop\6.0.11\spring-aop-6.0.11.jar;E:\Program Files\apache-maven-3.9.6\repository\org\springframework\security\spring-security-config\6.1.3\spring-security-config-6.1.3.jar;E:\Program Files\apache-maven-3.9.6\repository\org\springframework\security\spring-security-core\6.1.3\spring-security-core-6.1.3.jar;E:\Program Files\apache-maven-3.9.6\repository\org\springframework\security\spring-security-crypto\6.1.3\spring-security-crypto-6.1.3.jar;E:\Program Files\apache-maven-3.9.6\repository\org\springframework\security\spring-security-web\6.1.3\spring-security-web-6.1.3.jar;E:\Program Files\apache-maven-3.9.6\repository\io\jsonwebtoken\jjwt-api\0.11.5\jjwt-api-0.11.5.jar;E:\Program Files\apache-maven-3.9.6\repository\io\jsonwebtoken\jjwt-impl\0.11.5\jjwt-impl-0.11.5.jar;E:\Program Files\apache-maven-3.9.6\repository\io\jsonwebtoken\jjwt-jackson\0.11.5\jjwt-jackson-0.11.5.jar;E:\Program Files\apache-maven-3.9.6\repository\com\fasterxml\jackson\core\jackson-databind\2.15.2\jackson-databind-2.15.2.jar;E:\Program Files\apache-maven-3.9.6\repository\com\fasterxml\jackson\core\jackson-annotations\2.15.2\jackson-annotations-2.15.2.jar;E:\Program Files\apache-maven-3.9.6\repository\com\fasterxml\jackson\core\jackson-core\2.15.2\jackson-core-2.15.2.jar;"/>
    <property name="sun.cpu.endian" value="little"/>
    <property name="user.home" value="C:\Users\Chen zhilang"/>
    <property name="user.language" value="zh"/>
    <property name="java.specification.vendor" value="Oracle Corporation"/>
    <property name="java.version.date" value="2024-04-16"/>
    <property name="java.home" value="E:\Program Files\Java\jdk-17"/>
    <property name="file.separator" value="\"/>
    <property name="basedir" value="D:\JavaWeb\yc_production_report"/>
    <property name="java.vm.compressedOopsMode" value="Zero based"/>
    <property name="line.separator" value="&#10;"/>
    <property name="java.vm.specification.vendor" value="Oracle Corporation"/>
    <property name="java.specification.name" value="Java Platform API Specification"/>
    <property name="FILE_LOG_CHARSET" value="GBK"/>
    <property name="java.awt.headless" value="true"/>
    <property name="surefire.real.class.path" value="C:\Users\Chen zhilang\AppData\Local\Temp\surefire8200616277010946954\surefirebooter-20250717205732919_3.jar"/>
    <property name="user.script" value=""/>
    <property name="sun.management.compiler" value="HotSpot 64-Bit Tiered Compilers"/>
    <property name="java.runtime.version" value="17.0.11+7-LTS-207"/>
    <property name="user.name" value="Chen zhilang"/>
    <property name="path.separator" value=";"/>
    <property name="os.version" value="10.0"/>
    <property name="java.runtime.name" value="Java(TM) SE Runtime Environment"/>
    <property name="file.encoding" value="GBK"/>
    <property name="java.vm.name" value="Java HotSpot(TM) 64-Bit Server VM"/>
    <property name="localRepository" value="E:\Program Files\apache-maven-3.9.6\repository"/>
    <property name="java.vendor.url.bug" value="https://bugreport.java.com/bugreport/"/>
    <property name="java.io.tmpdir" value="C:\Users\CHENZH~1\AppData\Local\Temp\"/>
    <property name="idea.version" value="2024.2.3"/>
    <property name="com.zaxxer.hikari.pool_number" value="2"/>
    <property name="java.version" value="17.0.11"/>
    <property name="user.dir" value="D:\JavaWeb\yc_production_report"/>
    <property name="os.arch" value="amd64"/>
    <property name="java.vm.specification.name" value="Java Virtual Machine Specification"/>
    <property name="PID" value="23260"/>
    <property name="sun.os.patch.level" value=""/>
    <property name="CONSOLE_LOG_CHARSET" value="GBK"/>
    <property name="native.encoding" value="GBK"/>
    <property name="java.library.path" value="E:\Program Files\Java\jdk-17\bin;C:\WINDOWS\Sun\Java\bin;C:\WINDOWS\system32;C:\WINDOWS;E:\Program Files\Java\jdk-17;c:\Users\Chen zhilang\AppData\Local\Programs\cursor\resources\app\bin;C:\Program Files (x86)\Common Files\Oracle\Java\javapath;E:\Program Files\Python38\Scripts\;E:\Program Files\Python38\;E:\Program Files\VMware\VMware Workstation\bin\;C:\WINDOWS\system32;C:\WINDOWS;C:\WINDOWS\System32\Wbem;C:\WINDOWS\System32\WindowsPowerShell\v1.0\;C:\WINDOWS\System32\OpenSSH\;E:\Program Files\apache-maven-3.6.3\bin;E:\Program Files\mysql-8.0.39-winx64\bin;E:\Program Files\xshell8\;E:\Program Files\Git\cmd;C:\Program Files\dotnet\;E:\Program Files\Tencent\微信web开发者工具\dll;C:\Users\Chen zhilang\AppData\Local\Microsoft\WindowsApps;E:\Program Files\JetBrains\IntelliJ IDEA 2024.2.3\bin;C:\Users\Chen zhilang\AppData\Roaming\npm;C:\Users\Chen zhilang\.dotnet\tools;C:\Users\Chen zhilang\AppData\Local\Programs\Ollama;c:\Users\Chen zhilang\AppData\Local\Programs\cursor\resources\app;C:\Program Files (x86)\NetSarang\Xftp 8\;E:\Program Files\fnm;C:\Program Files\PowerShell\7\;C:\Users\Chen zhilang\Anaconda3;C:\Users\Chen zhilang\Anaconda3\Library\mingw-w64\bin;C:\Users\Chen zhilang\Anaconda3\Library\usr\bin;C:\Users\Chen zhilang\Anaconda3\Library\bin;C:\Users\Chen zhilang\Anaconda3\Scripts;C:\Users\Chen zhilang\AppData\Local\Microsoft\WindowsApps;E:\Program Files\JetBrains\IntelliJ IDEA 2024.2.3\bin;;E:\Program Files\Microsoft VS Code\bin;C:\Users\Chen zhilang\.dotnet\tools;E:\Program Files\Java\jdk-17;C:\Users\Chen zhilang\AppData\Local\Programs\Ollama;C:\Users\Chen zhilang\AppData\Local\Programs\cursor\resources\app\bin;E:\Program Files\fnm;;."/>
    <property name="java.vm.info" value="mixed mode, sharing"/>
    <property name="java.vendor" value="Oracle Corporation"/>
    <property name="java.vm.version" value="17.0.11+7-LTS-207"/>
    <property name="sun.io.unicode.encoding" value="UnicodeLittle"/>
    <property name="java.class.version" value="61.0"/>
  </properties>
  <testcase name="testSave" classname="com.yc.productionreport.service.ProductionReportServiceTest" time="0.035">
    <error message="EL1008E: Property or field &apos;id&apos; cannot be found on object of type &apos;java.lang.Boolean&apos; - maybe not public or not valid?" type="org.springframework.expression.spel.SpelEvaluationException"><![CDATA[org.springframework.expression.spel.SpelEvaluationException: EL1008E: Property or field 'id' cannot be found on object of type 'java.lang.Boolean' - maybe not public or not valid?
	at org.springframework.expression.spel.ast.PropertyOrFieldReference.readProperty(PropertyOrFieldReference.java:222)
	at org.springframework.expression.spel.ast.PropertyOrFieldReference.getValueInternal(PropertyOrFieldReference.java:105)
	at org.springframework.expression.spel.ast.PropertyOrFieldReference$AccessorLValue.getValue(PropertyOrFieldReference.java:410)
	at org.springframework.expression.spel.ast.CompoundExpression.getValueInternal(CompoundExpression.java:96)
	at org.springframework.expression.spel.ast.SpelNodeImpl.getValue(SpelNodeImpl.java:114)
	at org.springframework.expression.spel.standard.SpelExpression.getValue(SpelExpression.java:273)
	at org.springframework.cache.interceptor.CacheOperationExpressionEvaluator.key(CacheOperationExpressionEvaluator.java:104)
	at org.springframework.cache.interceptor.CacheAspectSupport$CacheOperationContext.generateKey(CacheAspectSupport.java:795)
	at org.springframework.cache.interceptor.CacheAspectSupport.generateKey(CacheAspectSupport.java:592)
	at org.springframework.cache.interceptor.CacheAspectSupport.collectPutRequests(CacheAspectSupport.java:562)
	at org.springframework.cache.interceptor.CacheAspectSupport.execute(CacheAspectSupport.java:426)
	at org.springframework.cache.interceptor.CacheAspectSupport.execute(CacheAspectSupport.java:345)
	at org.springframework.cache.interceptor.CacheInterceptor.invoke(CacheInterceptor.java:64)
	at org.springframework.aop.framework.ReflectiveMethodInvocation.proceed(ReflectiveMethodInvocation.java:184)
	at org.springframework.aop.framework.CglibAopProxy$CglibMethodInvocation.proceed(CglibAopProxy.java:756)
	at org.springframework.aop.framework.CglibAopProxy$DynamicAdvisedInterceptor.intercept(CglibAopProxy.java:708)
	at com.yc.productionreport.service.impl.ProductionReportServiceImpl$$SpringCGLIB$$1.save(<generated>)
	at com.yc.productionreport.service.ProductionReportServiceTest.testSave(ProductionReportServiceTest.java:49)
	at java.base/jdk.internal.reflect.NativeMethodAccessorImpl.invoke0(Native Method)
	at java.base/jdk.internal.reflect.NativeMethodAccessorImpl.invoke(NativeMethodAccessorImpl.java:77)
	at java.base/jdk.internal.reflect.DelegatingMethodAccessorImpl.invoke(DelegatingMethodAccessorImpl.java:43)
	at java.base/java.lang.reflect.Method.invoke(Method.java:568)
	at org.junit.platform.commons.util.ReflectionUtils.invokeMethod(ReflectionUtils.java:727)
	at org.junit.jupiter.engine.execution.MethodInvocation.proceed(MethodInvocation.java:60)
	at org.junit.jupiter.engine.execution.InvocationInterceptorChain$ValidatingInvocation.proceed(InvocationInterceptorChain.java:131)
	at org.junit.jupiter.engine.extension.TimeoutExtension.intercept(TimeoutExtension.java:156)
	at org.junit.jupiter.engine.extension.TimeoutExtension.interceptTestableMethod(TimeoutExtension.java:147)
	at org.junit.jupiter.engine.extension.TimeoutExtension.interceptTestMethod(TimeoutExtension.java:86)
	at org.junit.jupiter.engine.execution.InterceptingExecutableInvoker$ReflectiveInterceptorCall.lambda$ofVoidMethod$0(InterceptingExecutableInvoker.java:103)
	at org.junit.jupiter.engine.execution.InterceptingExecutableInvoker.lambda$invoke$0(InterceptingExecutableInvoker.java:93)
	at org.junit.jupiter.engine.execution.InvocationInterceptorChain$InterceptedInvocation.proceed(InvocationInterceptorChain.java:106)
	at org.junit.jupiter.engine.execution.InvocationInterceptorChain.proceed(InvocationInterceptorChain.java:64)
	at org.junit.jupiter.engine.execution.InvocationInterceptorChain.chainAndInvoke(InvocationInterceptorChain.java:45)
	at org.junit.jupiter.engine.execution.InvocationInterceptorChain.invoke(InvocationInterceptorChain.java:37)
	at org.junit.jupiter.engine.execution.InterceptingExecutableInvoker.invoke(InterceptingExecutableInvoker.java:92)
	at org.junit.jupiter.engine.execution.InterceptingExecutableInvoker.invoke(InterceptingExecutableInvoker.java:86)
	at org.junit.jupiter.engine.descriptor.TestMethodTestDescriptor.lambda$invokeTestMethod$7(TestMethodTestDescriptor.java:217)
	at org.junit.platform.engine.support.hierarchical.ThrowableCollector.execute(ThrowableCollector.java:73)
	at org.junit.jupiter.engine.descriptor.TestMethodTestDescriptor.invokeTestMethod(TestMethodTestDescriptor.java:213)
	at org.junit.jupiter.engine.descriptor.TestMethodTestDescriptor.execute(TestMethodTestDescriptor.java:138)
	at org.junit.jupiter.engine.descriptor.TestMethodTestDescriptor.execute(TestMethodTestDescriptor.java:68)
	at org.junit.platform.engine.support.hierarchical.NodeTestTask.lambda$executeRecursively$6(NodeTestTask.java:151)
	at org.junit.platform.engine.support.hierarchical.ThrowableCollector.execute(ThrowableCollector.java:73)
	at org.junit.platform.engine.support.hierarchical.NodeTestTask.lambda$executeRecursively$8(NodeTestTask.java:141)
	at org.junit.platform.engine.support.hierarchical.Node.around(Node.java:137)
	at org.junit.platform.engine.support.hierarchical.NodeTestTask.lambda$executeRecursively$9(NodeTestTask.java:139)
	at org.junit.platform.engine.support.hierarchical.ThrowableCollector.execute(ThrowableCollector.java:73)
	at org.junit.platform.engine.support.hierarchical.NodeTestTask.executeRecursively(NodeTestTask.java:138)
	at org.junit.platform.engine.support.hierarchical.NodeTestTask.execute(NodeTestTask.java:95)
	at java.base/java.util.ArrayList.forEach(ArrayList.java:1511)
	at org.junit.platform.engine.support.hierarchical.SameThreadHierarchicalTestExecutorService.invokeAll(SameThreadHierarchicalTestExecutorService.java:41)
	at org.junit.platform.engine.support.hierarchical.NodeTestTask.lambda$executeRecursively$6(NodeTestTask.java:155)
	at org.junit.platform.engine.support.hierarchical.ThrowableCollector.execute(ThrowableCollector.java:73)
	at org.junit.platform.engine.support.hierarchical.NodeTestTask.lambda$executeRecursively$8(NodeTestTask.java:141)
	at org.junit.platform.engine.support.hierarchical.Node.around(Node.java:137)
	at org.junit.platform.engine.support.hierarchical.NodeTestTask.lambda$executeRecursively$9(NodeTestTask.java:139)
	at org.junit.platform.engine.support.hierarchical.ThrowableCollector.execute(ThrowableCollector.java:73)
	at org.junit.platform.engine.support.hierarchical.NodeTestTask.executeRecursively(NodeTestTask.java:138)
	at org.junit.platform.engine.support.hierarchical.NodeTestTask.execute(NodeTestTask.java:95)
	at java.base/java.util.ArrayList.forEach(ArrayList.java:1511)
	at org.junit.platform.engine.support.hierarchical.SameThreadHierarchicalTestExecutorService.invokeAll(SameThreadHierarchicalTestExecutorService.java:41)
	at org.junit.platform.engine.support.hierarchical.NodeTestTask.lambda$executeRecursively$6(NodeTestTask.java:155)
	at org.junit.platform.engine.support.hierarchical.ThrowableCollector.execute(ThrowableCollector.java:73)
	at org.junit.platform.engine.support.hierarchical.NodeTestTask.lambda$executeRecursively$8(NodeTestTask.java:141)
	at org.junit.platform.engine.support.hierarchical.Node.around(Node.java:137)
	at org.junit.platform.engine.support.hierarchical.NodeTestTask.lambda$executeRecursively$9(NodeTestTask.java:139)
	at org.junit.platform.engine.support.hierarchical.ThrowableCollector.execute(ThrowableCollector.java:73)
	at org.junit.platform.engine.support.hierarchical.NodeTestTask.executeRecursively(NodeTestTask.java:138)
	at org.junit.platform.engine.support.hierarchical.NodeTestTask.execute(NodeTestTask.java:95)
	at org.junit.platform.engine.support.hierarchical.SameThreadHierarchicalTestExecutorService.submit(SameThreadHierarchicalTestExecutorService.java:35)
	at org.junit.platform.engine.support.hierarchical.HierarchicalTestExecutor.execute(HierarchicalTestExecutor.java:57)
	at org.junit.platform.engine.support.hierarchical.HierarchicalTestEngine.execute(HierarchicalTestEngine.java:54)
	at org.junit.platform.launcher.core.EngineExecutionOrchestrator.execute(EngineExecutionOrchestrator.java:147)
	at org.junit.platform.launcher.core.EngineExecutionOrchestrator.execute(EngineExecutionOrchestrator.java:127)
	at org.junit.platform.launcher.core.EngineExecutionOrchestrator.execute(EngineExecutionOrchestrator.java:90)
	at org.junit.platform.launcher.core.EngineExecutionOrchestrator.lambda$execute$0(EngineExecutionOrchestrator.java:55)
	at org.junit.platform.launcher.core.EngineExecutionOrchestrator.withInterceptedStreams(EngineExecutionOrchestrator.java:102)
	at org.junit.platform.launcher.core.EngineExecutionOrchestrator.execute(EngineExecutionOrchestrator.java:54)
	at org.junit.platform.launcher.core.DefaultLauncher.execute(DefaultLauncher.java:114)
	at org.junit.platform.launcher.core.DefaultLauncher.execute(DefaultLauncher.java:86)
	at org.junit.platform.launcher.core.DefaultLauncherSession$DelegatingLauncher.execute(DefaultLauncherSession.java:86)
	at org.apache.maven.surefire.junitplatform.LazyLauncher.execute(LazyLauncher.java:50)
	at org.apache.maven.surefire.junitplatform.JUnitPlatformProvider.execute(JUnitPlatformProvider.java:184)
	at org.apache.maven.surefire.junitplatform.JUnitPlatformProvider.invokeAllTests(JUnitPlatformProvider.java:148)
	at org.apache.maven.surefire.junitplatform.JUnitPlatformProvider.invoke(JUnitPlatformProvider.java:122)
	at org.apache.maven.surefire.booter.ForkedBooter.runSuitesInProcess(ForkedBooter.java:385)
	at org.apache.maven.surefire.booter.ForkedBooter.execute(ForkedBooter.java:162)
	at org.apache.maven.surefire.booter.ForkedBooter.run(ForkedBooter.java:507)
	at org.apache.maven.surefire.booter.ForkedBooter.main(ForkedBooter.java:495)
]]></error>
    <system-out><![CDATA[2025-07-17T20:57:38.402+08:00  INFO 23260 --- [           main] t.c.s.AnnotationConfigContextLoaderUtils : Could not detect default configuration classes for test class [com.yc.productionreport.service.ProductionReportServiceTest]: ProductionReportServiceTest does not declare any static, non-private, non-final, nested classes annotated with @Configuration.
2025-07-17T20:57:38.412+08:00  INFO 23260 --- [           main] .b.t.c.SpringBootTestContextBootstrapper : Found @SpringBootConfiguration com.yc.productionreport.ProductionReportApplication for test class com.yc.productionreport.service.ProductionReportServiceTest

  .   ____          _            __ _ _
 /\\ / ___'_ __ _ _(_)_ __  __ _ \ \ \ \
( ( )\___ | '_ | '_| | '_ \/ _` | \ \ \ \
 \\/  ___)| |_)| | | | | || (_| |  ) ) ) )
  '  |____| .__|_| |_|_| |_\__, | / / / /
 =========|_|==============|___/=/_/_/_/
 :: Spring Boot ::                (v3.1.3)

2025-07-17T20:57:38.435+08:00  INFO 23260 --- [           main] c.y.p.s.ProductionReportServiceTest      : Starting ProductionReportServiceTest using Java 17.0.11 with PID 23260 (started by Chen zhilang in D:\JavaWeb\yc_production_report)
2025-07-17T20:57:38.435+08:00  INFO 23260 --- [           main] c.y.p.s.ProductionReportServiceTest      : No active profile set, falling back to 1 default profile: "default"
2025-07-17T20:57:38.563+08:00  INFO 23260 --- [           main] .s.d.r.c.RepositoryConfigurationDelegate : Multiple Spring Data modules found, entering strict repository configuration mode
2025-07-17T20:57:38.563+08:00  INFO 23260 --- [           main] .s.d.r.c.RepositoryConfigurationDelegate : Bootstrapping Spring Data Redis repositories in DEFAULT mode.
2025-07-17T20:57:38.569+08:00  INFO 23260 --- [           main] .s.d.r.c.RepositoryConfigurationDelegate : Finished Spring Data repository scanning in 5 ms. Found 0 Redis repository interfaces.
Logging initialized using 'class org.apache.ibatis.logging.stdout.StdOutImpl' adapter.
Registered plugin: 'com.baomidou.mybatisplus.extension.plugins.MybatisPlusInterceptor@37bac0f4'
Parsed mapper file: 'file [D:\JavaWeb\yc_production_report\target\classes\mapper\com\yc\productionreport\mapper\AdminMapper.xml]'
Parsed mapper file: 'file [D:\JavaWeb\yc_production_report\target\classes\mapper\com\yc\productionreport\mapper\UserMapper.xml]'
 _ _   |_  _ _|_. ___ _ |    _ 
| | |\/|_)(_| | |_\  |_)||_|_\ 
     /               |         
                        3.5.3.1 
2025-07-17T20:57:38.816+08:00  INFO 23260 --- [           main] o.s.s.web.DefaultSecurityFilterChain     : Will secure any request with [org.springframework.security.web.session.DisableEncodeUrlFilter@3d00c2ae, org.springframework.security.web.context.request.async.WebAsyncManagerIntegrationFilter@665574fb, org.springframework.security.web.context.SecurityContextHolderFilter@6c54d0dc, org.springframework.security.web.header.HeaderWriterFilter@770be0d0, com.yc.productionreport.security.JwtAuthenticationFilter@3eb7ff78, org.springframework.security.web.savedrequest.RequestCacheAwareFilter@5b5f06bb, org.springframework.security.web.servletapi.SecurityContextHolderAwareRequestFilter@7c74ef4a, org.springframework.security.web.authentication.AnonymousAuthenticationFilter@6b83ec49, org.springframework.security.web.access.ExceptionTranslationFilter@79fbcef4, org.springframework.security.web.access.intercept.AuthorizationFilter@1ec96512]
2025-07-17T20:57:38.934+08:00  INFO 23260 --- [           main] com.zaxxer.hikari.HikariDataSource       : HikariPool-2 - Starting...
2025-07-17T20:57:38.938+08:00  INFO 23260 --- [           main] com.zaxxer.hikari.pool.HikariPool        : HikariPool-2 - Added connection com.mysql.cj.jdbc.ConnectionImpl@21b75073
2025-07-17T20:57:38.939+08:00  INFO 23260 --- [           main] com.zaxxer.hikari.HikariDataSource       : HikariPool-2 - Start completed.
2025-07-17T20:57:38.964+08:00  INFO 23260 --- [           main] c.y.p.s.ProductionReportServiceTest      : Started ProductionReportServiceTest in 0.548 seconds (process running for 5.883)
Creating a new SqlSession
SqlSession [org.apache.ibatis.session.defaults.DefaultSqlSession@1f9a5d3b] was not registered for synchronization because synchronization is not active
JDBC Connection [HikariProxyConnection@1415734054 wrapping com.mysql.cj.jdbc.ConnectionImpl@21b75073] will not be managed by Spring
==>  Preparing: INSERT INTO production_report ( report_date, shift, machine_id, picker_name, machine_operator, machine_speed, production_order_number, bag_type, finished_product_specification, incoming_material_length, setup_material_length, end_material_length, completed_quantity, scrap_material_length, remaining_material_length, work_start_time, work_end_time, anomaly_reason ) VALUES ( ?, ?, ?, ?, ?, ?, ?, ?, ?, ?, ?, ?, ?, ?, ?, ?, ?, ? )
==> Parameters: 2025-07-17 20:57:38.968(Timestamp), 早班(String), M001(String), 张三(String), 李四(String), 150(Integer), PO2023001(String), PE袋(String), 30*40cm(String), 1000(BigDecimal), 50(BigDecimal), 800(BigDecimal), 5000(Integer), 50(BigDecimal), 100(BigDecimal), 2025-07-17 20:57:38.968(Timestamp), 2025-07-17 20:57:38.968(Timestamp), 无异常(String)
<==    Updates: 1
Closing non transactional SqlSession [org.apache.ibatis.session.defaults.DefaultSqlSession@1f9a5d3b]
]]></system-out>
  </testcase>
  <testcase name="testGetById" classname="com.yc.productionreport.service.ProductionReportServiceTest" time="0.009">
    <error message="EL1008E: Property or field &apos;id&apos; cannot be found on object of type &apos;java.lang.Boolean&apos; - maybe not public or not valid?" type="org.springframework.expression.spel.SpelEvaluationException"><![CDATA[org.springframework.expression.spel.SpelEvaluationException: EL1008E: Property or field 'id' cannot be found on object of type 'java.lang.Boolean' - maybe not public or not valid?
	at org.springframework.expression.spel.ast.PropertyOrFieldReference.readProperty(PropertyOrFieldReference.java:222)
	at org.springframework.expression.spel.ast.PropertyOrFieldReference.getValueInternal(PropertyOrFieldReference.java:105)
	at org.springframework.expression.spel.ast.PropertyOrFieldReference$AccessorLValue.getValue(PropertyOrFieldReference.java:410)
	at org.springframework.expression.spel.ast.CompoundExpression.getValueInternal(CompoundExpression.java:96)
	at org.springframework.expression.spel.ast.SpelNodeImpl.getValue(SpelNodeImpl.java:114)
	at org.springframework.expression.spel.standard.SpelExpression.getValue(SpelExpression.java:273)
	at org.springframework.cache.interceptor.CacheOperationExpressionEvaluator.key(CacheOperationExpressionEvaluator.java:104)
	at org.springframework.cache.interceptor.CacheAspectSupport$CacheOperationContext.generateKey(CacheAspectSupport.java:795)
	at org.springframework.cache.interceptor.CacheAspectSupport.generateKey(CacheAspectSupport.java:592)
	at org.springframework.cache.interceptor.CacheAspectSupport.collectPutRequests(CacheAspectSupport.java:562)
	at org.springframework.cache.interceptor.CacheAspectSupport.execute(CacheAspectSupport.java:426)
	at org.springframework.cache.interceptor.CacheAspectSupport.execute(CacheAspectSupport.java:345)
	at org.springframework.cache.interceptor.CacheInterceptor.invoke(CacheInterceptor.java:64)
	at org.springframework.aop.framework.ReflectiveMethodInvocation.proceed(ReflectiveMethodInvocation.java:184)
	at org.springframework.aop.framework.CglibAopProxy$CglibMethodInvocation.proceed(CglibAopProxy.java:756)
	at org.springframework.aop.framework.CglibAopProxy$DynamicAdvisedInterceptor.intercept(CglibAopProxy.java:708)
	at com.yc.productionreport.service.impl.ProductionReportServiceImpl$$SpringCGLIB$$1.save(<generated>)
	at com.yc.productionreport.service.ProductionReportServiceTest.testGetById(ProductionReportServiceTest.java:56)
	at java.base/jdk.internal.reflect.NativeMethodAccessorImpl.invoke0(Native Method)
	at java.base/jdk.internal.reflect.NativeMethodAccessorImpl.invoke(NativeMethodAccessorImpl.java:77)
	at java.base/jdk.internal.reflect.DelegatingMethodAccessorImpl.invoke(DelegatingMethodAccessorImpl.java:43)
	at java.base/java.lang.reflect.Method.invoke(Method.java:568)
	at org.junit.platform.commons.util.ReflectionUtils.invokeMethod(ReflectionUtils.java:727)
	at org.junit.jupiter.engine.execution.MethodInvocation.proceed(MethodInvocation.java:60)
	at org.junit.jupiter.engine.execution.InvocationInterceptorChain$ValidatingInvocation.proceed(InvocationInterceptorChain.java:131)
	at org.junit.jupiter.engine.extension.TimeoutExtension.intercept(TimeoutExtension.java:156)
	at org.junit.jupiter.engine.extension.TimeoutExtension.interceptTestableMethod(TimeoutExtension.java:147)
	at org.junit.jupiter.engine.extension.TimeoutExtension.interceptTestMethod(TimeoutExtension.java:86)
	at org.junit.jupiter.engine.execution.InterceptingExecutableInvoker$ReflectiveInterceptorCall.lambda$ofVoidMethod$0(InterceptingExecutableInvoker.java:103)
	at org.junit.jupiter.engine.execution.InterceptingExecutableInvoker.lambda$invoke$0(InterceptingExecutableInvoker.java:93)
	at org.junit.jupiter.engine.execution.InvocationInterceptorChain$InterceptedInvocation.proceed(InvocationInterceptorChain.java:106)
	at org.junit.jupiter.engine.execution.InvocationInterceptorChain.proceed(InvocationInterceptorChain.java:64)
	at org.junit.jupiter.engine.execution.InvocationInterceptorChain.chainAndInvoke(InvocationInterceptorChain.java:45)
	at org.junit.jupiter.engine.execution.InvocationInterceptorChain.invoke(InvocationInterceptorChain.java:37)
	at org.junit.jupiter.engine.execution.InterceptingExecutableInvoker.invoke(InterceptingExecutableInvoker.java:92)
	at org.junit.jupiter.engine.execution.InterceptingExecutableInvoker.invoke(InterceptingExecutableInvoker.java:86)
	at org.junit.jupiter.engine.descriptor.TestMethodTestDescriptor.lambda$invokeTestMethod$7(TestMethodTestDescriptor.java:217)
	at org.junit.platform.engine.support.hierarchical.ThrowableCollector.execute(ThrowableCollector.java:73)
	at org.junit.jupiter.engine.descriptor.TestMethodTestDescriptor.invokeTestMethod(TestMethodTestDescriptor.java:213)
	at org.junit.jupiter.engine.descriptor.TestMethodTestDescriptor.execute(TestMethodTestDescriptor.java:138)
	at org.junit.jupiter.engine.descriptor.TestMethodTestDescriptor.execute(TestMethodTestDescriptor.java:68)
	at org.junit.platform.engine.support.hierarchical.NodeTestTask.lambda$executeRecursively$6(NodeTestTask.java:151)
	at org.junit.platform.engine.support.hierarchical.ThrowableCollector.execute(ThrowableCollector.java:73)
	at org.junit.platform.engine.support.hierarchical.NodeTestTask.lambda$executeRecursively$8(NodeTestTask.java:141)
	at org.junit.platform.engine.support.hierarchical.Node.around(Node.java:137)
	at org.junit.platform.engine.support.hierarchical.NodeTestTask.lambda$executeRecursively$9(NodeTestTask.java:139)
	at org.junit.platform.engine.support.hierarchical.ThrowableCollector.execute(ThrowableCollector.java:73)
	at org.junit.platform.engine.support.hierarchical.NodeTestTask.executeRecursively(NodeTestTask.java:138)
	at org.junit.platform.engine.support.hierarchical.NodeTestTask.execute(NodeTestTask.java:95)
	at java.base/java.util.ArrayList.forEach(ArrayList.java:1511)
	at org.junit.platform.engine.support.hierarchical.SameThreadHierarchicalTestExecutorService.invokeAll(SameThreadHierarchicalTestExecutorService.java:41)
	at org.junit.platform.engine.support.hierarchical.NodeTestTask.lambda$executeRecursively$6(NodeTestTask.java:155)
	at org.junit.platform.engine.support.hierarchical.ThrowableCollector.execute(ThrowableCollector.java:73)
	at org.junit.platform.engine.support.hierarchical.NodeTestTask.lambda$executeRecursively$8(NodeTestTask.java:141)
	at org.junit.platform.engine.support.hierarchical.Node.around(Node.java:137)
	at org.junit.platform.engine.support.hierarchical.NodeTestTask.lambda$executeRecursively$9(NodeTestTask.java:139)
	at org.junit.platform.engine.support.hierarchical.ThrowableCollector.execute(ThrowableCollector.java:73)
	at org.junit.platform.engine.support.hierarchical.NodeTestTask.executeRecursively(NodeTestTask.java:138)
	at org.junit.platform.engine.support.hierarchical.NodeTestTask.execute(NodeTestTask.java:95)
	at java.base/java.util.ArrayList.forEach(ArrayList.java:1511)
	at org.junit.platform.engine.support.hierarchical.SameThreadHierarchicalTestExecutorService.invokeAll(SameThreadHierarchicalTestExecutorService.java:41)
	at org.junit.platform.engine.support.hierarchical.NodeTestTask.lambda$executeRecursively$6(NodeTestTask.java:155)
	at org.junit.platform.engine.support.hierarchical.ThrowableCollector.execute(ThrowableCollector.java:73)
	at org.junit.platform.engine.support.hierarchical.NodeTestTask.lambda$executeRecursively$8(NodeTestTask.java:141)
	at org.junit.platform.engine.support.hierarchical.Node.around(Node.java:137)
	at org.junit.platform.engine.support.hierarchical.NodeTestTask.lambda$executeRecursively$9(NodeTestTask.java:139)
	at org.junit.platform.engine.support.hierarchical.ThrowableCollector.execute(ThrowableCollector.java:73)
	at org.junit.platform.engine.support.hierarchical.NodeTestTask.executeRecursively(NodeTestTask.java:138)
	at org.junit.platform.engine.support.hierarchical.NodeTestTask.execute(NodeTestTask.java:95)
	at org.junit.platform.engine.support.hierarchical.SameThreadHierarchicalTestExecutorService.submit(SameThreadHierarchicalTestExecutorService.java:35)
	at org.junit.platform.engine.support.hierarchical.HierarchicalTestExecutor.execute(HierarchicalTestExecutor.java:57)
	at org.junit.platform.engine.support.hierarchical.HierarchicalTestEngine.execute(HierarchicalTestEngine.java:54)
	at org.junit.platform.launcher.core.EngineExecutionOrchestrator.execute(EngineExecutionOrchestrator.java:147)
	at org.junit.platform.launcher.core.EngineExecutionOrchestrator.execute(EngineExecutionOrchestrator.java:127)
	at org.junit.platform.launcher.core.EngineExecutionOrchestrator.execute(EngineExecutionOrchestrator.java:90)
	at org.junit.platform.launcher.core.EngineExecutionOrchestrator.lambda$execute$0(EngineExecutionOrchestrator.java:55)
	at org.junit.platform.launcher.core.EngineExecutionOrchestrator.withInterceptedStreams(EngineExecutionOrchestrator.java:102)
	at org.junit.platform.launcher.core.EngineExecutionOrchestrator.execute(EngineExecutionOrchestrator.java:54)
	at org.junit.platform.launcher.core.DefaultLauncher.execute(DefaultLauncher.java:114)
	at org.junit.platform.launcher.core.DefaultLauncher.execute(DefaultLauncher.java:86)
	at org.junit.platform.launcher.core.DefaultLauncherSession$DelegatingLauncher.execute(DefaultLauncherSession.java:86)
	at org.apache.maven.surefire.junitplatform.LazyLauncher.execute(LazyLauncher.java:50)
	at org.apache.maven.surefire.junitplatform.JUnitPlatformProvider.execute(JUnitPlatformProvider.java:184)
	at org.apache.maven.surefire.junitplatform.JUnitPlatformProvider.invokeAllTests(JUnitPlatformProvider.java:148)
	at org.apache.maven.surefire.junitplatform.JUnitPlatformProvider.invoke(JUnitPlatformProvider.java:122)
	at org.apache.maven.surefire.booter.ForkedBooter.runSuitesInProcess(ForkedBooter.java:385)
	at org.apache.maven.surefire.booter.ForkedBooter.execute(ForkedBooter.java:162)
	at org.apache.maven.surefire.booter.ForkedBooter.run(ForkedBooter.java:507)
	at org.apache.maven.surefire.booter.ForkedBooter.main(ForkedBooter.java:495)
]]></error>
    <system-out><![CDATA[Creating a new SqlSession
SqlSession [org.apache.ibatis.session.defaults.DefaultSqlSession@359f3401] was not registered for synchronization because synchronization is not active
JDBC Connection [HikariProxyConnection@606747031 wrapping com.mysql.cj.jdbc.ConnectionImpl@21b75073] will not be managed by Spring
==>  Preparing: INSERT INTO production_report ( report_date, shift, machine_id, picker_name, machine_operator, machine_speed, production_order_number, bag_type, finished_product_specification, incoming_material_length, setup_material_length, end_material_length, completed_quantity, scrap_material_length, remaining_material_length, work_start_time, work_end_time, anomaly_reason ) VALUES ( ?, ?, ?, ?, ?, ?, ?, ?, ?, ?, ?, ?, ?, ?, ?, ?, ?, ? )
==> Parameters: 2025-07-17 20:57:39.003(Timestamp), 早班(String), M001(String), 张三(String), 李四(String), 150(Integer), PO2023001(String), PE袋(String), 30*40cm(String), 1000(BigDecimal), 50(BigDecimal), 800(BigDecimal), 5000(Integer), 50(BigDecimal), 100(BigDecimal), 2025-07-17 20:57:39.003(Timestamp), 2025-07-17 20:57:39.003(Timestamp), 无异常(String)
<==    Updates: 1
Closing non transactional SqlSession [org.apache.ibatis.session.defaults.DefaultSqlSession@359f3401]
]]></system-out>
  </testcase>
  <testcase name="testPageQuery" classname="com.yc.productionreport.service.ProductionReportServiceTest" time="0.015">
    <error message="EL1008E: Property or field &apos;id&apos; cannot be found on object of type &apos;java.lang.Boolean&apos; - maybe not public or not valid?" type="org.springframework.expression.spel.SpelEvaluationException"><![CDATA[org.springframework.expression.spel.SpelEvaluationException: EL1008E: Property or field 'id' cannot be found on object of type 'java.lang.Boolean' - maybe not public or not valid?
	at org.springframework.expression.spel.ast.PropertyOrFieldReference.readProperty(PropertyOrFieldReference.java:222)
	at org.springframework.expression.spel.ast.PropertyOrFieldReference.getValueInternal(PropertyOrFieldReference.java:105)
	at org.springframework.expression.spel.ast.PropertyOrFieldReference$AccessorLValue.getValue(PropertyOrFieldReference.java:410)
	at org.springframework.expression.spel.ast.CompoundExpression.getValueInternal(CompoundExpression.java:96)
	at org.springframework.expression.spel.ast.SpelNodeImpl.getValue(SpelNodeImpl.java:114)
	at org.springframework.expression.spel.standard.SpelExpression.getValue(SpelExpression.java:273)
	at org.springframework.cache.interceptor.CacheOperationExpressionEvaluator.key(CacheOperationExpressionEvaluator.java:104)
	at org.springframework.cache.interceptor.CacheAspectSupport$CacheOperationContext.generateKey(CacheAspectSupport.java:795)
	at org.springframework.cache.interceptor.CacheAspectSupport.generateKey(CacheAspectSupport.java:592)
	at org.springframework.cache.interceptor.CacheAspectSupport.collectPutRequests(CacheAspectSupport.java:562)
	at org.springframework.cache.interceptor.CacheAspectSupport.execute(CacheAspectSupport.java:426)
	at org.springframework.cache.interceptor.CacheAspectSupport.execute(CacheAspectSupport.java:345)
	at org.springframework.cache.interceptor.CacheInterceptor.invoke(CacheInterceptor.java:64)
	at org.springframework.aop.framework.ReflectiveMethodInvocation.proceed(ReflectiveMethodInvocation.java:184)
	at org.springframework.aop.framework.CglibAopProxy$CglibMethodInvocation.proceed(CglibAopProxy.java:756)
	at org.springframework.aop.framework.CglibAopProxy$DynamicAdvisedInterceptor.intercept(CglibAopProxy.java:708)
	at com.yc.productionreport.service.impl.ProductionReportServiceImpl$$SpringCGLIB$$1.save(<generated>)
	at com.yc.productionreport.service.ProductionReportServiceTest.testPageQuery(ProductionReportServiceTest.java:81)
	at java.base/jdk.internal.reflect.NativeMethodAccessorImpl.invoke0(Native Method)
	at java.base/jdk.internal.reflect.NativeMethodAccessorImpl.invoke(NativeMethodAccessorImpl.java:77)
	at java.base/jdk.internal.reflect.DelegatingMethodAccessorImpl.invoke(DelegatingMethodAccessorImpl.java:43)
	at java.base/java.lang.reflect.Method.invoke(Method.java:568)
	at org.junit.platform.commons.util.ReflectionUtils.invokeMethod(ReflectionUtils.java:727)
	at org.junit.jupiter.engine.execution.MethodInvocation.proceed(MethodInvocation.java:60)
	at org.junit.jupiter.engine.execution.InvocationInterceptorChain$ValidatingInvocation.proceed(InvocationInterceptorChain.java:131)
	at org.junit.jupiter.engine.extension.TimeoutExtension.intercept(TimeoutExtension.java:156)
	at org.junit.jupiter.engine.extension.TimeoutExtension.interceptTestableMethod(TimeoutExtension.java:147)
	at org.junit.jupiter.engine.extension.TimeoutExtension.interceptTestMethod(TimeoutExtension.java:86)
	at org.junit.jupiter.engine.execution.InterceptingExecutableInvoker$ReflectiveInterceptorCall.lambda$ofVoidMethod$0(InterceptingExecutableInvoker.java:103)
	at org.junit.jupiter.engine.execution.InterceptingExecutableInvoker.lambda$invoke$0(InterceptingExecutableInvoker.java:93)
	at org.junit.jupiter.engine.execution.InvocationInterceptorChain$InterceptedInvocation.proceed(InvocationInterceptorChain.java:106)
	at org.junit.jupiter.engine.execution.InvocationInterceptorChain.proceed(InvocationInterceptorChain.java:64)
	at org.junit.jupiter.engine.execution.InvocationInterceptorChain.chainAndInvoke(InvocationInterceptorChain.java:45)
	at org.junit.jupiter.engine.execution.InvocationInterceptorChain.invoke(InvocationInterceptorChain.java:37)
	at org.junit.jupiter.engine.execution.InterceptingExecutableInvoker.invoke(InterceptingExecutableInvoker.java:92)
	at org.junit.jupiter.engine.execution.InterceptingExecutableInvoker.invoke(InterceptingExecutableInvoker.java:86)
	at org.junit.jupiter.engine.descriptor.TestMethodTestDescriptor.lambda$invokeTestMethod$7(TestMethodTestDescriptor.java:217)
	at org.junit.platform.engine.support.hierarchical.ThrowableCollector.execute(ThrowableCollector.java:73)
	at org.junit.jupiter.engine.descriptor.TestMethodTestDescriptor.invokeTestMethod(TestMethodTestDescriptor.java:213)
	at org.junit.jupiter.engine.descriptor.TestMethodTestDescriptor.execute(TestMethodTestDescriptor.java:138)
	at org.junit.jupiter.engine.descriptor.TestMethodTestDescriptor.execute(TestMethodTestDescriptor.java:68)
	at org.junit.platform.engine.support.hierarchical.NodeTestTask.lambda$executeRecursively$6(NodeTestTask.java:151)
	at org.junit.platform.engine.support.hierarchical.ThrowableCollector.execute(ThrowableCollector.java:73)
	at org.junit.platform.engine.support.hierarchical.NodeTestTask.lambda$executeRecursively$8(NodeTestTask.java:141)
	at org.junit.platform.engine.support.hierarchical.Node.around(Node.java:137)
	at org.junit.platform.engine.support.hierarchical.NodeTestTask.lambda$executeRecursively$9(NodeTestTask.java:139)
	at org.junit.platform.engine.support.hierarchical.ThrowableCollector.execute(ThrowableCollector.java:73)
	at org.junit.platform.engine.support.hierarchical.NodeTestTask.executeRecursively(NodeTestTask.java:138)
	at org.junit.platform.engine.support.hierarchical.NodeTestTask.execute(NodeTestTask.java:95)
	at java.base/java.util.ArrayList.forEach(ArrayList.java:1511)
	at org.junit.platform.engine.support.hierarchical.SameThreadHierarchicalTestExecutorService.invokeAll(SameThreadHierarchicalTestExecutorService.java:41)
	at org.junit.platform.engine.support.hierarchical.NodeTestTask.lambda$executeRecursively$6(NodeTestTask.java:155)
	at org.junit.platform.engine.support.hierarchical.ThrowableCollector.execute(ThrowableCollector.java:73)
	at org.junit.platform.engine.support.hierarchical.NodeTestTask.lambda$executeRecursively$8(NodeTestTask.java:141)
	at org.junit.platform.engine.support.hierarchical.Node.around(Node.java:137)
	at org.junit.platform.engine.support.hierarchical.NodeTestTask.lambda$executeRecursively$9(NodeTestTask.java:139)
	at org.junit.platform.engine.support.hierarchical.ThrowableCollector.execute(ThrowableCollector.java:73)
	at org.junit.platform.engine.support.hierarchical.NodeTestTask.executeRecursively(NodeTestTask.java:138)
	at org.junit.platform.engine.support.hierarchical.NodeTestTask.execute(NodeTestTask.java:95)
	at java.base/java.util.ArrayList.forEach(ArrayList.java:1511)
	at org.junit.platform.engine.support.hierarchical.SameThreadHierarchicalTestExecutorService.invokeAll(SameThreadHierarchicalTestExecutorService.java:41)
	at org.junit.platform.engine.support.hierarchical.NodeTestTask.lambda$executeRecursively$6(NodeTestTask.java:155)
	at org.junit.platform.engine.support.hierarchical.ThrowableCollector.execute(ThrowableCollector.java:73)
	at org.junit.platform.engine.support.hierarchical.NodeTestTask.lambda$executeRecursively$8(NodeTestTask.java:141)
	at org.junit.platform.engine.support.hierarchical.Node.around(Node.java:137)
	at org.junit.platform.engine.support.hierarchical.NodeTestTask.lambda$executeRecursively$9(NodeTestTask.java:139)
	at org.junit.platform.engine.support.hierarchical.ThrowableCollector.execute(ThrowableCollector.java:73)
	at org.junit.platform.engine.support.hierarchical.NodeTestTask.executeRecursively(NodeTestTask.java:138)
	at org.junit.platform.engine.support.hierarchical.NodeTestTask.execute(NodeTestTask.java:95)
	at org.junit.platform.engine.support.hierarchical.SameThreadHierarchicalTestExecutorService.submit(SameThreadHierarchicalTestExecutorService.java:35)
	at org.junit.platform.engine.support.hierarchical.HierarchicalTestExecutor.execute(HierarchicalTestExecutor.java:57)
	at org.junit.platform.engine.support.hierarchical.HierarchicalTestEngine.execute(HierarchicalTestEngine.java:54)
	at org.junit.platform.launcher.core.EngineExecutionOrchestrator.execute(EngineExecutionOrchestrator.java:147)
	at org.junit.platform.launcher.core.EngineExecutionOrchestrator.execute(EngineExecutionOrchestrator.java:127)
	at org.junit.platform.launcher.core.EngineExecutionOrchestrator.execute(EngineExecutionOrchestrator.java:90)
	at org.junit.platform.launcher.core.EngineExecutionOrchestrator.lambda$execute$0(EngineExecutionOrchestrator.java:55)
	at org.junit.platform.launcher.core.EngineExecutionOrchestrator.withInterceptedStreams(EngineExecutionOrchestrator.java:102)
	at org.junit.platform.launcher.core.EngineExecutionOrchestrator.execute(EngineExecutionOrchestrator.java:54)
	at org.junit.platform.launcher.core.DefaultLauncher.execute(DefaultLauncher.java:114)
	at org.junit.platform.launcher.core.DefaultLauncher.execute(DefaultLauncher.java:86)
	at org.junit.platform.launcher.core.DefaultLauncherSession$DelegatingLauncher.execute(DefaultLauncherSession.java:86)
	at org.apache.maven.surefire.junitplatform.LazyLauncher.execute(LazyLauncher.java:50)
	at org.apache.maven.surefire.junitplatform.JUnitPlatformProvider.execute(JUnitPlatformProvider.java:184)
	at org.apache.maven.surefire.junitplatform.JUnitPlatformProvider.invokeAllTests(JUnitPlatformProvider.java:148)
	at org.apache.maven.surefire.junitplatform.JUnitPlatformProvider.invoke(JUnitPlatformProvider.java:122)
	at org.apache.maven.surefire.booter.ForkedBooter.runSuitesInProcess(ForkedBooter.java:385)
	at org.apache.maven.surefire.booter.ForkedBooter.execute(ForkedBooter.java:162)
	at org.apache.maven.surefire.booter.ForkedBooter.run(ForkedBooter.java:507)
	at org.apache.maven.surefire.booter.ForkedBooter.main(ForkedBooter.java:495)
]]></error>
    <system-out><![CDATA[Creating a new SqlSession
SqlSession [org.apache.ibatis.session.defaults.DefaultSqlSession@16117d9] was not registered for synchronization because synchronization is not active
JDBC Connection [HikariProxyConnection@2023193433 wrapping com.mysql.cj.jdbc.ConnectionImpl@21b75073] will not be managed by Spring
==>  Preparing: INSERT INTO production_report ( report_date, shift, machine_id, picker_name, machine_operator, machine_speed, production_order_number, bag_type, finished_product_specification, incoming_material_length, setup_material_length, end_material_length, completed_quantity, scrap_material_length, remaining_material_length, work_start_time, work_end_time, anomaly_reason ) VALUES ( ?, ?, ?, ?, ?, ?, ?, ?, ?, ?, ?, ?, ?, ?, ?, ?, ?, ? )
==> Parameters: 2025-07-17 20:57:39.014(Timestamp), 早班(String), M001(String), 张三(String), 李四(String), 150(Integer), PO2023001(String), PE袋(String), 30*40cm(String), 1000(BigDecimal), 50(BigDecimal), 800(BigDecimal), 5000(Integer), 50(BigDecimal), 100(BigDecimal), 2025-07-17 20:57:39.014(Timestamp), 2025-07-17 20:57:39.014(Timestamp), 无异常(String)
<==    Updates: 1
Closing non transactional SqlSession [org.apache.ibatis.session.defaults.DefaultSqlSession@16117d9]
]]></system-out>
  </testcase>
  <testcase name="testRemove" classname="com.yc.productionreport.service.ProductionReportServiceTest" time="0.008">
    <error message="EL1008E: Property or field &apos;id&apos; cannot be found on object of type &apos;java.lang.Boolean&apos; - maybe not public or not valid?" type="org.springframework.expression.spel.SpelEvaluationException"><![CDATA[org.springframework.expression.spel.SpelEvaluationException: EL1008E: Property or field 'id' cannot be found on object of type 'java.lang.Boolean' - maybe not public or not valid?
	at org.springframework.expression.spel.ast.PropertyOrFieldReference.readProperty(PropertyOrFieldReference.java:222)
	at org.springframework.expression.spel.ast.PropertyOrFieldReference.getValueInternal(PropertyOrFieldReference.java:105)
	at org.springframework.expression.spel.ast.PropertyOrFieldReference$AccessorLValue.getValue(PropertyOrFieldReference.java:410)
	at org.springframework.expression.spel.ast.CompoundExpression.getValueInternal(CompoundExpression.java:96)
	at org.springframework.expression.spel.ast.SpelNodeImpl.getValue(SpelNodeImpl.java:114)
	at org.springframework.expression.spel.standard.SpelExpression.getValue(SpelExpression.java:273)
	at org.springframework.cache.interceptor.CacheOperationExpressionEvaluator.key(CacheOperationExpressionEvaluator.java:104)
	at org.springframework.cache.interceptor.CacheAspectSupport$CacheOperationContext.generateKey(CacheAspectSupport.java:795)
	at org.springframework.cache.interceptor.CacheAspectSupport.generateKey(CacheAspectSupport.java:592)
	at org.springframework.cache.interceptor.CacheAspectSupport.collectPutRequests(CacheAspectSupport.java:562)
	at org.springframework.cache.interceptor.CacheAspectSupport.execute(CacheAspectSupport.java:426)
	at org.springframework.cache.interceptor.CacheAspectSupport.execute(CacheAspectSupport.java:345)
	at org.springframework.cache.interceptor.CacheInterceptor.invoke(CacheInterceptor.java:64)
	at org.springframework.aop.framework.ReflectiveMethodInvocation.proceed(ReflectiveMethodInvocation.java:184)
	at org.springframework.aop.framework.CglibAopProxy$CglibMethodInvocation.proceed(CglibAopProxy.java:756)
	at org.springframework.aop.framework.CglibAopProxy$DynamicAdvisedInterceptor.intercept(CglibAopProxy.java:708)
	at com.yc.productionreport.service.impl.ProductionReportServiceImpl$$SpringCGLIB$$1.save(<generated>)
	at com.yc.productionreport.service.ProductionReportServiceTest.testRemove(ProductionReportServiceTest.java:73)
	at java.base/jdk.internal.reflect.NativeMethodAccessorImpl.invoke0(Native Method)
	at java.base/jdk.internal.reflect.NativeMethodAccessorImpl.invoke(NativeMethodAccessorImpl.java:77)
	at java.base/jdk.internal.reflect.DelegatingMethodAccessorImpl.invoke(DelegatingMethodAccessorImpl.java:43)
	at java.base/java.lang.reflect.Method.invoke(Method.java:568)
	at org.junit.platform.commons.util.ReflectionUtils.invokeMethod(ReflectionUtils.java:727)
	at org.junit.jupiter.engine.execution.MethodInvocation.proceed(MethodInvocation.java:60)
	at org.junit.jupiter.engine.execution.InvocationInterceptorChain$ValidatingInvocation.proceed(InvocationInterceptorChain.java:131)
	at org.junit.jupiter.engine.extension.TimeoutExtension.intercept(TimeoutExtension.java:156)
	at org.junit.jupiter.engine.extension.TimeoutExtension.interceptTestableMethod(TimeoutExtension.java:147)
	at org.junit.jupiter.engine.extension.TimeoutExtension.interceptTestMethod(TimeoutExtension.java:86)
	at org.junit.jupiter.engine.execution.InterceptingExecutableInvoker$ReflectiveInterceptorCall.lambda$ofVoidMethod$0(InterceptingExecutableInvoker.java:103)
	at org.junit.jupiter.engine.execution.InterceptingExecutableInvoker.lambda$invoke$0(InterceptingExecutableInvoker.java:93)
	at org.junit.jupiter.engine.execution.InvocationInterceptorChain$InterceptedInvocation.proceed(InvocationInterceptorChain.java:106)
	at org.junit.jupiter.engine.execution.InvocationInterceptorChain.proceed(InvocationInterceptorChain.java:64)
	at org.junit.jupiter.engine.execution.InvocationInterceptorChain.chainAndInvoke(InvocationInterceptorChain.java:45)
	at org.junit.jupiter.engine.execution.InvocationInterceptorChain.invoke(InvocationInterceptorChain.java:37)
	at org.junit.jupiter.engine.execution.InterceptingExecutableInvoker.invoke(InterceptingExecutableInvoker.java:92)
	at org.junit.jupiter.engine.execution.InterceptingExecutableInvoker.invoke(InterceptingExecutableInvoker.java:86)
	at org.junit.jupiter.engine.descriptor.TestMethodTestDescriptor.lambda$invokeTestMethod$7(TestMethodTestDescriptor.java:217)
	at org.junit.platform.engine.support.hierarchical.ThrowableCollector.execute(ThrowableCollector.java:73)
	at org.junit.jupiter.engine.descriptor.TestMethodTestDescriptor.invokeTestMethod(TestMethodTestDescriptor.java:213)
	at org.junit.jupiter.engine.descriptor.TestMethodTestDescriptor.execute(TestMethodTestDescriptor.java:138)
	at org.junit.jupiter.engine.descriptor.TestMethodTestDescriptor.execute(TestMethodTestDescriptor.java:68)
	at org.junit.platform.engine.support.hierarchical.NodeTestTask.lambda$executeRecursively$6(NodeTestTask.java:151)
	at org.junit.platform.engine.support.hierarchical.ThrowableCollector.execute(ThrowableCollector.java:73)
	at org.junit.platform.engine.support.hierarchical.NodeTestTask.lambda$executeRecursively$8(NodeTestTask.java:141)
	at org.junit.platform.engine.support.hierarchical.Node.around(Node.java:137)
	at org.junit.platform.engine.support.hierarchical.NodeTestTask.lambda$executeRecursively$9(NodeTestTask.java:139)
	at org.junit.platform.engine.support.hierarchical.ThrowableCollector.execute(ThrowableCollector.java:73)
	at org.junit.platform.engine.support.hierarchical.NodeTestTask.executeRecursively(NodeTestTask.java:138)
	at org.junit.platform.engine.support.hierarchical.NodeTestTask.execute(NodeTestTask.java:95)
	at java.base/java.util.ArrayList.forEach(ArrayList.java:1511)
	at org.junit.platform.engine.support.hierarchical.SameThreadHierarchicalTestExecutorService.invokeAll(SameThreadHierarchicalTestExecutorService.java:41)
	at org.junit.platform.engine.support.hierarchical.NodeTestTask.lambda$executeRecursively$6(NodeTestTask.java:155)
	at org.junit.platform.engine.support.hierarchical.ThrowableCollector.execute(ThrowableCollector.java:73)
	at org.junit.platform.engine.support.hierarchical.NodeTestTask.lambda$executeRecursively$8(NodeTestTask.java:141)
	at org.junit.platform.engine.support.hierarchical.Node.around(Node.java:137)
	at org.junit.platform.engine.support.hierarchical.NodeTestTask.lambda$executeRecursively$9(NodeTestTask.java:139)
	at org.junit.platform.engine.support.hierarchical.ThrowableCollector.execute(ThrowableCollector.java:73)
	at org.junit.platform.engine.support.hierarchical.NodeTestTask.executeRecursively(NodeTestTask.java:138)
	at org.junit.platform.engine.support.hierarchical.NodeTestTask.execute(NodeTestTask.java:95)
	at java.base/java.util.ArrayList.forEach(ArrayList.java:1511)
	at org.junit.platform.engine.support.hierarchical.SameThreadHierarchicalTestExecutorService.invokeAll(SameThreadHierarchicalTestExecutorService.java:41)
	at org.junit.platform.engine.support.hierarchical.NodeTestTask.lambda$executeRecursively$6(NodeTestTask.java:155)
	at org.junit.platform.engine.support.hierarchical.ThrowableCollector.execute(ThrowableCollector.java:73)
	at org.junit.platform.engine.support.hierarchical.NodeTestTask.lambda$executeRecursively$8(NodeTestTask.java:141)
	at org.junit.platform.engine.support.hierarchical.Node.around(Node.java:137)
	at org.junit.platform.engine.support.hierarchical.NodeTestTask.lambda$executeRecursively$9(NodeTestTask.java:139)
	at org.junit.platform.engine.support.hierarchical.ThrowableCollector.execute(ThrowableCollector.java:73)
	at org.junit.platform.engine.support.hierarchical.NodeTestTask.executeRecursively(NodeTestTask.java:138)
	at org.junit.platform.engine.support.hierarchical.NodeTestTask.execute(NodeTestTask.java:95)
	at org.junit.platform.engine.support.hierarchical.SameThreadHierarchicalTestExecutorService.submit(SameThreadHierarchicalTestExecutorService.java:35)
	at org.junit.platform.engine.support.hierarchical.HierarchicalTestExecutor.execute(HierarchicalTestExecutor.java:57)
	at org.junit.platform.engine.support.hierarchical.HierarchicalTestEngine.execute(HierarchicalTestEngine.java:54)
	at org.junit.platform.launcher.core.EngineExecutionOrchestrator.execute(EngineExecutionOrchestrator.java:147)
	at org.junit.platform.launcher.core.EngineExecutionOrchestrator.execute(EngineExecutionOrchestrator.java:127)
	at org.junit.platform.launcher.core.EngineExecutionOrchestrator.execute(EngineExecutionOrchestrator.java:90)
	at org.junit.platform.launcher.core.EngineExecutionOrchestrator.lambda$execute$0(EngineExecutionOrchestrator.java:55)
	at org.junit.platform.launcher.core.EngineExecutionOrchestrator.withInterceptedStreams(EngineExecutionOrchestrator.java:102)
	at org.junit.platform.launcher.core.EngineExecutionOrchestrator.execute(EngineExecutionOrchestrator.java:54)
	at org.junit.platform.launcher.core.DefaultLauncher.execute(DefaultLauncher.java:114)
	at org.junit.platform.launcher.core.DefaultLauncher.execute(DefaultLauncher.java:86)
	at org.junit.platform.launcher.core.DefaultLauncherSession$DelegatingLauncher.execute(DefaultLauncherSession.java:86)
	at org.apache.maven.surefire.junitplatform.LazyLauncher.execute(LazyLauncher.java:50)
	at org.apache.maven.surefire.junitplatform.JUnitPlatformProvider.execute(JUnitPlatformProvider.java:184)
	at org.apache.maven.surefire.junitplatform.JUnitPlatformProvider.invokeAllTests(JUnitPlatformProvider.java:148)
	at org.apache.maven.surefire.junitplatform.JUnitPlatformProvider.invoke(JUnitPlatformProvider.java:122)
	at org.apache.maven.surefire.booter.ForkedBooter.runSuitesInProcess(ForkedBooter.java:385)
	at org.apache.maven.surefire.booter.ForkedBooter.execute(ForkedBooter.java:162)
	at org.apache.maven.surefire.booter.ForkedBooter.run(ForkedBooter.java:507)
	at org.apache.maven.surefire.booter.ForkedBooter.main(ForkedBooter.java:495)
]]></error>
    <system-out><![CDATA[Creating a new SqlSession
SqlSession [org.apache.ibatis.session.defaults.DefaultSqlSession@3e8c9981] was not registered for synchronization because synchronization is not active
JDBC Connection [HikariProxyConnection@568535158 wrapping com.mysql.cj.jdbc.ConnectionImpl@21b75073] will not be managed by Spring
==>  Preparing: INSERT INTO production_report ( report_date, shift, machine_id, picker_name, machine_operator, machine_speed, production_order_number, bag_type, finished_product_specification, incoming_material_length, setup_material_length, end_material_length, completed_quantity, scrap_material_length, remaining_material_length, work_start_time, work_end_time, anomaly_reason ) VALUES ( ?, ?, ?, ?, ?, ?, ?, ?, ?, ?, ?, ?, ?, ?, ?, ?, ?, ? )
==> Parameters: 2025-07-17 20:57:39.029(Timestamp), 早班(String), M001(String), 张三(String), 李四(String), 150(Integer), PO2023001(String), PE袋(String), 30*40cm(String), 1000(BigDecimal), 50(BigDecimal), 800(BigDecimal), 5000(Integer), 50(BigDecimal), 100(BigDecimal), 2025-07-17 20:57:39.029(Timestamp), 2025-07-17 20:57:39.029(Timestamp), 无异常(String)
<==    Updates: 1
Closing non transactional SqlSession [org.apache.ibatis.session.defaults.DefaultSqlSession@3e8c9981]
]]></system-out>
  </testcase>
  <testcase name="testUpdate" classname="com.yc.productionreport.service.ProductionReportServiceTest" time="0.007">
    <error message="EL1008E: Property or field &apos;id&apos; cannot be found on object of type &apos;java.lang.Boolean&apos; - maybe not public or not valid?" type="org.springframework.expression.spel.SpelEvaluationException"><![CDATA[org.springframework.expression.spel.SpelEvaluationException: EL1008E: Property or field 'id' cannot be found on object of type 'java.lang.Boolean' - maybe not public or not valid?
	at org.springframework.expression.spel.ast.PropertyOrFieldReference.readProperty(PropertyOrFieldReference.java:222)
	at org.springframework.expression.spel.ast.PropertyOrFieldReference.getValueInternal(PropertyOrFieldReference.java:105)
	at org.springframework.expression.spel.ast.PropertyOrFieldReference$AccessorLValue.getValue(PropertyOrFieldReference.java:410)
	at org.springframework.expression.spel.ast.CompoundExpression.getValueInternal(CompoundExpression.java:96)
	at org.springframework.expression.spel.ast.SpelNodeImpl.getValue(SpelNodeImpl.java:114)
	at org.springframework.expression.spel.standard.SpelExpression.getValue(SpelExpression.java:273)
	at org.springframework.cache.interceptor.CacheOperationExpressionEvaluator.key(CacheOperationExpressionEvaluator.java:104)
	at org.springframework.cache.interceptor.CacheAspectSupport$CacheOperationContext.generateKey(CacheAspectSupport.java:795)
	at org.springframework.cache.interceptor.CacheAspectSupport.generateKey(CacheAspectSupport.java:592)
	at org.springframework.cache.interceptor.CacheAspectSupport.collectPutRequests(CacheAspectSupport.java:562)
	at org.springframework.cache.interceptor.CacheAspectSupport.execute(CacheAspectSupport.java:426)
	at org.springframework.cache.interceptor.CacheAspectSupport.execute(CacheAspectSupport.java:345)
	at org.springframework.cache.interceptor.CacheInterceptor.invoke(CacheInterceptor.java:64)
	at org.springframework.aop.framework.ReflectiveMethodInvocation.proceed(ReflectiveMethodInvocation.java:184)
	at org.springframework.aop.framework.CglibAopProxy$CglibMethodInvocation.proceed(CglibAopProxy.java:756)
	at org.springframework.aop.framework.CglibAopProxy$DynamicAdvisedInterceptor.intercept(CglibAopProxy.java:708)
	at com.yc.productionreport.service.impl.ProductionReportServiceImpl$$SpringCGLIB$$1.save(<generated>)
	at com.yc.productionreport.service.ProductionReportServiceTest.testUpdate(ProductionReportServiceTest.java:64)
	at java.base/jdk.internal.reflect.NativeMethodAccessorImpl.invoke0(Native Method)
	at java.base/jdk.internal.reflect.NativeMethodAccessorImpl.invoke(NativeMethodAccessorImpl.java:77)
	at java.base/jdk.internal.reflect.DelegatingMethodAccessorImpl.invoke(DelegatingMethodAccessorImpl.java:43)
	at java.base/java.lang.reflect.Method.invoke(Method.java:568)
	at org.junit.platform.commons.util.ReflectionUtils.invokeMethod(ReflectionUtils.java:727)
	at org.junit.jupiter.engine.execution.MethodInvocation.proceed(MethodInvocation.java:60)
	at org.junit.jupiter.engine.execution.InvocationInterceptorChain$ValidatingInvocation.proceed(InvocationInterceptorChain.java:131)
	at org.junit.jupiter.engine.extension.TimeoutExtension.intercept(TimeoutExtension.java:156)
	at org.junit.jupiter.engine.extension.TimeoutExtension.interceptTestableMethod(TimeoutExtension.java:147)
	at org.junit.jupiter.engine.extension.TimeoutExtension.interceptTestMethod(TimeoutExtension.java:86)
	at org.junit.jupiter.engine.execution.InterceptingExecutableInvoker$ReflectiveInterceptorCall.lambda$ofVoidMethod$0(InterceptingExecutableInvoker.java:103)
	at org.junit.jupiter.engine.execution.InterceptingExecutableInvoker.lambda$invoke$0(InterceptingExecutableInvoker.java:93)
	at org.junit.jupiter.engine.execution.InvocationInterceptorChain$InterceptedInvocation.proceed(InvocationInterceptorChain.java:106)
	at org.junit.jupiter.engine.execution.InvocationInterceptorChain.proceed(InvocationInterceptorChain.java:64)
	at org.junit.jupiter.engine.execution.InvocationInterceptorChain.chainAndInvoke(InvocationInterceptorChain.java:45)
	at org.junit.jupiter.engine.execution.InvocationInterceptorChain.invoke(InvocationInterceptorChain.java:37)
	at org.junit.jupiter.engine.execution.InterceptingExecutableInvoker.invoke(InterceptingExecutableInvoker.java:92)
	at org.junit.jupiter.engine.execution.InterceptingExecutableInvoker.invoke(InterceptingExecutableInvoker.java:86)
	at org.junit.jupiter.engine.descriptor.TestMethodTestDescriptor.lambda$invokeTestMethod$7(TestMethodTestDescriptor.java:217)
	at org.junit.platform.engine.support.hierarchical.ThrowableCollector.execute(ThrowableCollector.java:73)
	at org.junit.jupiter.engine.descriptor.TestMethodTestDescriptor.invokeTestMethod(TestMethodTestDescriptor.java:213)
	at org.junit.jupiter.engine.descriptor.TestMethodTestDescriptor.execute(TestMethodTestDescriptor.java:138)
	at org.junit.jupiter.engine.descriptor.TestMethodTestDescriptor.execute(TestMethodTestDescriptor.java:68)
	at org.junit.platform.engine.support.hierarchical.NodeTestTask.lambda$executeRecursively$6(NodeTestTask.java:151)
	at org.junit.platform.engine.support.hierarchical.ThrowableCollector.execute(ThrowableCollector.java:73)
	at org.junit.platform.engine.support.hierarchical.NodeTestTask.lambda$executeRecursively$8(NodeTestTask.java:141)
	at org.junit.platform.engine.support.hierarchical.Node.around(Node.java:137)
	at org.junit.platform.engine.support.hierarchical.NodeTestTask.lambda$executeRecursively$9(NodeTestTask.java:139)
	at org.junit.platform.engine.support.hierarchical.ThrowableCollector.execute(ThrowableCollector.java:73)
	at org.junit.platform.engine.support.hierarchical.NodeTestTask.executeRecursively(NodeTestTask.java:138)
	at org.junit.platform.engine.support.hierarchical.NodeTestTask.execute(NodeTestTask.java:95)
	at java.base/java.util.ArrayList.forEach(ArrayList.java:1511)
	at org.junit.platform.engine.support.hierarchical.SameThreadHierarchicalTestExecutorService.invokeAll(SameThreadHierarchicalTestExecutorService.java:41)
	at org.junit.platform.engine.support.hierarchical.NodeTestTask.lambda$executeRecursively$6(NodeTestTask.java:155)
	at org.junit.platform.engine.support.hierarchical.ThrowableCollector.execute(ThrowableCollector.java:73)
	at org.junit.platform.engine.support.hierarchical.NodeTestTask.lambda$executeRecursively$8(NodeTestTask.java:141)
	at org.junit.platform.engine.support.hierarchical.Node.around(Node.java:137)
	at org.junit.platform.engine.support.hierarchical.NodeTestTask.lambda$executeRecursively$9(NodeTestTask.java:139)
	at org.junit.platform.engine.support.hierarchical.ThrowableCollector.execute(ThrowableCollector.java:73)
	at org.junit.platform.engine.support.hierarchical.NodeTestTask.executeRecursively(NodeTestTask.java:138)
	at org.junit.platform.engine.support.hierarchical.NodeTestTask.execute(NodeTestTask.java:95)
	at java.base/java.util.ArrayList.forEach(ArrayList.java:1511)
	at org.junit.platform.engine.support.hierarchical.SameThreadHierarchicalTestExecutorService.invokeAll(SameThreadHierarchicalTestExecutorService.java:41)
	at org.junit.platform.engine.support.hierarchical.NodeTestTask.lambda$executeRecursively$6(NodeTestTask.java:155)
	at org.junit.platform.engine.support.hierarchical.ThrowableCollector.execute(ThrowableCollector.java:73)
	at org.junit.platform.engine.support.hierarchical.NodeTestTask.lambda$executeRecursively$8(NodeTestTask.java:141)
	at org.junit.platform.engine.support.hierarchical.Node.around(Node.java:137)
	at org.junit.platform.engine.support.hierarchical.NodeTestTask.lambda$executeRecursively$9(NodeTestTask.java:139)
	at org.junit.platform.engine.support.hierarchical.ThrowableCollector.execute(ThrowableCollector.java:73)
	at org.junit.platform.engine.support.hierarchical.NodeTestTask.executeRecursively(NodeTestTask.java:138)
	at org.junit.platform.engine.support.hierarchical.NodeTestTask.execute(NodeTestTask.java:95)
	at org.junit.platform.engine.support.hierarchical.SameThreadHierarchicalTestExecutorService.submit(SameThreadHierarchicalTestExecutorService.java:35)
	at org.junit.platform.engine.support.hierarchical.HierarchicalTestExecutor.execute(HierarchicalTestExecutor.java:57)
	at org.junit.platform.engine.support.hierarchical.HierarchicalTestEngine.execute(HierarchicalTestEngine.java:54)
	at org.junit.platform.launcher.core.EngineExecutionOrchestrator.execute(EngineExecutionOrchestrator.java:147)
	at org.junit.platform.launcher.core.EngineExecutionOrchestrator.execute(EngineExecutionOrchestrator.java:127)
	at org.junit.platform.launcher.core.EngineExecutionOrchestrator.execute(EngineExecutionOrchestrator.java:90)
	at org.junit.platform.launcher.core.EngineExecutionOrchestrator.lambda$execute$0(EngineExecutionOrchestrator.java:55)
	at org.junit.platform.launcher.core.EngineExecutionOrchestrator.withInterceptedStreams(EngineExecutionOrchestrator.java:102)
	at org.junit.platform.launcher.core.EngineExecutionOrchestrator.execute(EngineExecutionOrchestrator.java:54)
	at org.junit.platform.launcher.core.DefaultLauncher.execute(DefaultLauncher.java:114)
	at org.junit.platform.launcher.core.DefaultLauncher.execute(DefaultLauncher.java:86)
	at org.junit.platform.launcher.core.DefaultLauncherSession$DelegatingLauncher.execute(DefaultLauncherSession.java:86)
	at org.apache.maven.surefire.junitplatform.LazyLauncher.execute(LazyLauncher.java:50)
	at org.apache.maven.surefire.junitplatform.JUnitPlatformProvider.execute(JUnitPlatformProvider.java:184)
	at org.apache.maven.surefire.junitplatform.JUnitPlatformProvider.invokeAllTests(JUnitPlatformProvider.java:148)
	at org.apache.maven.surefire.junitplatform.JUnitPlatformProvider.invoke(JUnitPlatformProvider.java:122)
	at org.apache.maven.surefire.booter.ForkedBooter.runSuitesInProcess(ForkedBooter.java:385)
	at org.apache.maven.surefire.booter.ForkedBooter.execute(ForkedBooter.java:162)
	at org.apache.maven.surefire.booter.ForkedBooter.run(ForkedBooter.java:507)
	at org.apache.maven.surefire.booter.ForkedBooter.main(ForkedBooter.java:495)
]]></error>
    <system-out><![CDATA[Creating a new SqlSession
SqlSession [org.apache.ibatis.session.defaults.DefaultSqlSession@73418044] was not registered for synchronization because synchronization is not active
JDBC Connection [HikariProxyConnection@1491862772 wrapping com.mysql.cj.jdbc.ConnectionImpl@21b75073] will not be managed by Spring
==>  Preparing: INSERT INTO production_report ( report_date, shift, machine_id, picker_name, machine_operator, machine_speed, production_order_number, bag_type, finished_product_specification, incoming_material_length, setup_material_length, end_material_length, completed_quantity, scrap_material_length, remaining_material_length, work_start_time, work_end_time, anomaly_reason ) VALUES ( ?, ?, ?, ?, ?, ?, ?, ?, ?, ?, ?, ?, ?, ?, ?, ?, ?, ? )
==> Parameters: 2025-07-17 20:57:39.038(Timestamp), 早班(String), M001(String), 张三(String), 李四(String), 150(Integer), PO2023001(String), PE袋(String), 30*40cm(String), 1000(BigDecimal), 50(BigDecimal), 800(BigDecimal), 5000(Integer), 50(BigDecimal), 100(BigDecimal), 2025-07-17 20:57:39.038(Timestamp), 2025-07-17 20:57:39.038(Timestamp), 无异常(String)
<==    Updates: 1
Closing non transactional SqlSession [org.apache.ibatis.session.defaults.DefaultSqlSession@73418044]
]]></system-out>
  </testcase>
</testsuite>